Vivado Simulator v2024.2.0
Copyright 1986-2022 Xilinx, Inc. All Rights Reserved.
Copyright 2022-2024 Advanced Micro Devices, Inc. All Rights Reserved.
Running: C:/Xilinx/Vivado/2024.2/bin/unwrapped/win64.o/xelab.exe --incr --debug typical --relax --mt 2 -L xil_defaultlib -L secureip --snapshot VGA_tb_behav xil_defaultlib.VGA_tb -log elaborate.log 
Using 2 slave threads.
Starting static elaboration
Completed static elaboration
Starting simulation data flow analysis
Completed simulation data flow analysis
Time Resolution for simulation is 1ps
Compiling package std.standard
Compiling package std.textio
Compiling package ieee.std_logic_1164
Compiling package ieee.numeric_std
Compiling architecture counter_basen_arch of entity xil_defaultlib.counter_baseN [\counter_baseN(g_base=800,g_bits...]
Compiling architecture counter_basen_arch of entity xil_defaultlib.counter_baseN [\counter_baseN(g_base=525,g_bits...]
Compiling architecture synch_blank_arch of entity xil_defaultlib.synch_blank [synch_blank_default]
Compiling architecture vga_arch of entity xil_defaultlib.VGA [vga_default]
Compiling architecture test_bench of entity xil_defaultlib.vga_tb
Built simulation snapshot VGA_tb_behav
