#-----------------------------------------------------------
# Vivado v2024.2 (64-bit)
# SW Build 5239630 on Fri Nov 08 22:35:27 MST 2024
# IP Build 5239520 on Sun Nov 10 16:12:51 MST 2024
# SharedData Build 5239561 on Fri Nov 08 14:39:27 MST 2024
# Start of session at: Wed Feb 12 15:03:44 2025
# Process ID         : 26376
# Current directory  : C:/Users/Dustin.Mock/code/ece383/Lab1
# Command line       : vivado.exe -gui_launcher_event rodinguilauncherevent34632 C:\Users\Dustin.Mock\code\ece383\Lab1\ece383_lab1.xpr
# Log file           : C:/Users/Dustin.Mock/code/ece383/Lab1/vivado.log
# Journal file       : C:/Users/Dustin.Mock/code/ece383/Lab1\vivado.jou
# Running On         : C26-5CG2151GFM
# Platform           : Windows Server 2016 or Windows 10
# Operating System   : 22631
# Processor Detail   : 11th Gen Intel(R) Core(TM) i7-1165G7 @ 2.80GHz
# CPU Frequency      : 2804 MHz
# CPU Physical cores : 4
# CPU Logical cores  : 8
# Host memory        : 16374 MB
# Swap memory        : 33058 MB
# Total Virtual      : 49433 MB
# Available Virtual  : 11668 MB
#-----------------------------------------------------------
start_gui
open_project C:/Users/Dustin.Mock/code/ece383/Lab1/ece383_lab1.xpr
Scanning sources...
Finished scanning sources
INFO: [IP_Flow 19-234] Refreshing IP repositories
INFO: [IP_Flow 19-1704] No user IP repositories specified
INFO: [IP_Flow 19-2313] Loaded Vivado IP repository 'C:/Xilinx/Vivado/2024.2/data/ip'.
open_project: Time (s): cpu = 00:00:14 ; elapsed = 00:00:10 . Memory (MB): peak = 1129.008 ; gain = 85.051
update_compile_order -fileset sources_1
reset_run synth_1
INFO: [Project 1-1161] Replacing file C:/Users/Dustin.Mock/code/ece383/Lab1/ece383_lab1.srcs/utils_1/imports/synth_1/lab1.dcp with file C:/Users/Dustin.Mock/code/ece383/Lab1/ece383_lab1.runs/synth_1/lab1.dcp
launch_runs impl_1 -to_step write_bitstream -jobs 4
[Fri Feb 14 19:37:26 2025] Launched synth_1...
WARNING: [filemgmt 56-199] Attempt to get parsing info during refresh. "On-the-fly" syntax checking information may be incorrect. [C:\Users\Dustin.Mock\code\ece383\Lab1\ece383_lab1.srcs\sources_1\new\VGA.vhd:]
Run output will be captured here: C:/Users/Dustin.Mock/code/ece383/Lab1/ece383_lab1.runs/synth_1/runme.log
WARNING: [filemgmt 56-199] Attempt to get parsing info during refresh. "On-the-fly" syntax checking information may be incorrect. [C:\Users\Dustin.Mock\code\ece383\Lab1\ece383_lab1.srcs\sources_1\new\debounce_fsm.vhd:]
WARNING: [filemgmt 56-199] Attempt to get parsing info during refresh. "On-the-fly" syntax checking information may be incorrect. [C:\Users\Dustin.Mock\code\ece383\Lab1\ece383_lab1.srcs\sources_1\imports\Lab01_cadet_code\lab1.vhdl:]
WARNING: [filemgmt 56-199] Attempt to get parsing info during refresh. "On-the-fly" syntax checking information may be incorrect. [C:\Users\Dustin.Mock\code\ece383\Lab1\ece383_lab1.srcs\sources_1\imports\Lab01_cadet_code\video.vhdl:]
WARNING: [filemgmt 56-199] Attempt to get parsing info during refresh. "On-the-fly" syntax checking information may be incorrect. [C:\Users\Dustin.Mock\code\ece383\Lab1\ece383_lab1.srcs\sources_1\new\synch_blank.vhd:]
WARNING: [filemgmt 56-199] Attempt to get parsing info during refresh. "On-the-fly" syntax checking information may be incorrect. [C:\Users\Dustin.Mock\code\ece383\Lab1\ece383_lab1.srcs\sources_1\new\counter_baseN.vhd:]
WARNING: [filemgmt 56-199] Attempt to get parsing info during refresh. "On-the-fly" syntax checking information may be incorrect. [C:\Users\Dustin.Mock\code\ece383\Lab1\ece383_lab1.srcs\sources_1\new\counter_baseN.vhd:]
WARNING: [filemgmt 56-199] Attempt to get parsing info during refresh. "On-the-fly" syntax checking information may be incorrect. [C:\Users\Dustin.Mock\code\ece383\Lab1\ece383_lab1.srcs\sources_1\new\counter_baseN.vhd:]
WARNING: [filemgmt 56-199] Attempt to get parsing info during refresh. "On-the-fly" syntax checking information may be incorrect. [C:\Users\Dustin.Mock\code\ece383\Lab1\ece383_lab1.srcs\sources_1\new\VGA.vhd:]
WARNING: [filemgmt 56-199] Attempt to get parsing info during refresh. "On-the-fly" syntax checking information may be incorrect. [C:\Users\Dustin.Mock\code\ece383\Lab1\ece383_lab1.srcs\sources_1\new\debounce_fsm.vhd:]
WARNING: [filemgmt 56-199] Attempt to get parsing info during refresh. "On-the-fly" syntax checking information may be incorrect. [C:\Users\Dustin.Mock\code\ece383\Lab1\ece383_lab1.srcs\sources_1\imports\Lab01_cadet_code\lab1.vhdl:]
WARNING: [filemgmt 56-199] Attempt to get parsing info during refresh. "On-the-fly" syntax checking information may be incorrect. [C:\Users\Dustin.Mock\code\ece383\Lab1\ece383_lab1.srcs\sources_1\imports\Lab01_cadet_code\video.vhdl:]
WARNING: [filemgmt 56-199] Attempt to get parsing info during refresh. "On-the-fly" syntax checking information may be incorrect. [C:\Users\Dustin.Mock\code\ece383\Lab1\ece383_lab1.srcs\sources_1\new\synch_blank.vhd:]
WARNING: [filemgmt 56-199] Attempt to get parsing info during refresh. "On-the-fly" syntax checking information may be incorrect. [C:\Users\Dustin.Mock\code\ece383\Lab1\ece383_lab1.srcs\sources_1\new\counter_baseN.vhd:]
WARNING: [filemgmt 56-199] Attempt to get parsing info during refresh. "On-the-fly" syntax checking information may be incorrect. [C:\Users\Dustin.Mock\code\ece383\Lab1\ece383_lab1.srcs\sources_1\new\synch_blank.vhd:]
WARNING: [filemgmt 56-199] Attempt to get parsing info during refresh. "On-the-fly" syntax checking information may be incorrect. [C:\Users\Dustin.Mock\code\ece383\Lab1\ece383_lab1.srcs\sources_1\new\synch_blank.vhd:]
WARNING: [filemgmt 56-199] Attempt to get parsing info during refresh. "On-the-fly" syntax checking information may be incorrect. [C:\Users\Dustin.Mock\code\ece383\Lab1\ece383_lab1.srcs\sources_1\new\VGA.vhd:]
WARNING: [filemgmt 56-199] Attempt to get parsing info during refresh. "On-the-fly" syntax checking information may be incorrect. [C:\Users\Dustin.Mock\code\ece383\Lab1\ece383_lab1.srcs\sources_1\new\debounce_fsm.vhd:]
WARNING: [filemgmt 56-199] Attempt to get parsing info during refresh. "On-the-fly" syntax checking information may be incorrect. [C:\Users\Dustin.Mock\code\ece383\Lab1\ece383_lab1.srcs\sources_1\imports\Lab01_cadet_code\lab1.vhdl:]
WARNING: [filemgmt 56-199] Attempt to get parsing info during refresh. "On-the-fly" syntax checking information may be incorrect. [C:\Users\Dustin.Mock\code\ece383\Lab1\ece383_lab1.srcs\sources_1\imports\Lab01_cadet_code\video.vhdl:]
WARNING: [filemgmt 56-199] Attempt to get parsing info during refresh. "On-the-fly" syntax checking information may be incorrect. [C:\Users\Dustin.Mock\code\ece383\Lab1\ece383_lab1.srcs\sources_1\new\synch_blank.vhd:]
WARNING: [filemgmt 56-199] Attempt to get parsing info during refresh. "On-the-fly" syntax checking information may be incorrect. [C:\Users\Dustin.Mock\code\ece383\Lab1\ece383_lab1.srcs\sources_1\new\counter_baseN.vhd:]
WARNING: [filemgmt 56-199] Attempt to get parsing info during refresh. "On-the-fly" syntax checking information may be incorrect. [C:\Users\Dustin.Mock\code\ece383\Lab1\ece383_lab1.srcs\sources_1\new\debounce_fsm.vhd:]
WARNING: [filemgmt 56-199] Attempt to get parsing info during refresh. "On-the-fly" syntax checking information may be incorrect. [C:\Users\Dustin.Mock\code\ece383\Lab1\ece383_lab1.srcs\sources_1\new\debounce_fsm.vhd:]
WARNING: [filemgmt 56-199] Attempt to get parsing info during refresh. "On-the-fly" syntax checking information may be incorrect. [C:\Users\Dustin.Mock\code\ece383\Lab1\ece383_lab1.srcs\sources_1\new\VGA.vhd:]
WARNING: [filemgmt 56-199] Attempt to get parsing info during refresh. "On-the-fly" syntax checking information may be incorrect. [C:\Users\Dustin.Mock\code\ece383\Lab1\ece383_lab1.srcs\sources_1\new\debounce_fsm.vhd:]
WARNING: [filemgmt 56-199] Attempt to get parsing info during refresh. "On-the-fly" syntax checking information may be incorrect. [C:\Users\Dustin.Mock\code\ece383\Lab1\ece383_lab1.srcs\sources_1\imports\Lab01_cadet_code\lab1.vhdl:]
WARNING: [filemgmt 56-199] Attempt to get parsing info during refresh. "On-the-fly" syntax checking information may be incorrect. [C:\Users\Dustin.Mock\code\ece383\Lab1\ece383_lab1.srcs\sources_1\imports\Lab01_cadet_code\video.vhdl:]
WARNING: [filemgmt 56-199] Attempt to get parsing info during refresh. "On-the-fly" syntax checking information may be incorrect. [C:\Users\Dustin.Mock\code\ece383\Lab1\ece383_lab1.srcs\sources_1\new\synch_blank.vhd:]
WARNING: [filemgmt 56-199] Attempt to get parsing info during refresh. "On-the-fly" syntax checking information may be incorrect. [C:\Users\Dustin.Mock\code\ece383\Lab1\ece383_lab1.srcs\sources_1\new\counter_baseN.vhd:]
WARNING: [filemgmt 56-199] Attempt to get parsing info during refresh. "On-the-fly" syntax checking information may be incorrect. [C:\Users\Dustin.Mock\code\ece383\Lab1\ece383_lab1.srcs\sources_1\imports\Lab01_cadet_code\lab1.vhdl:]
WARNING: [filemgmt 56-199] Attempt to get parsing info during refresh. "On-the-fly" syntax checking information may be incorrect. [C:\Users\Dustin.Mock\code\ece383\Lab1\ece383_lab1.srcs\sources_1\imports\Lab01_cadet_code\lab1.vhdl:]
[Fri Feb 14 19:37:26 2025] Launched impl_1...
Run output will be captured here: C:/Users/Dustin.Mock/code/ece383/Lab1/ece383_lab1.runs/impl_1/runme.log
WARNING: [filemgmt 56-199] Attempt to get parsing info during refresh. "On-the-fly" syntax checking information may be incorrect. [C:\Users\Dustin.Mock\code\ece383\Lab1\ece383_lab1.srcs\sources_1\new\VGA.vhd:]
WARNING: [filemgmt 56-199] Attempt to get parsing info during refresh. "On-the-fly" syntax checking information may be incorrect. [C:\Users\Dustin.Mock\code\ece383\Lab1\ece383_lab1.srcs\sources_1\new\debounce_fsm.vhd:]
WARNING: [filemgmt 56-199] Attempt to get parsing info during refresh. "On-the-fly" syntax checking information may be incorrect. [C:\Users\Dustin.Mock\code\ece383\Lab1\ece383_lab1.srcs\sources_1\imports\Lab01_cadet_code\lab1.vhdl:]
WARNING: [filemgmt 56-199] Attempt to get parsing info during refresh. "On-the-fly" syntax checking information may be incorrect. [C:\Users\Dustin.Mock\code\ece383\Lab1\ece383_lab1.srcs\sources_1\imports\Lab01_cadet_code\video.vhdl:]
WARNING: [filemgmt 56-199] Attempt to get parsing info during refresh. "On-the-fly" syntax checking information may be incorrect. [C:\Users\Dustin.Mock\code\ece383\Lab1\ece383_lab1.srcs\sources_1\new\synch_blank.vhd:]
WARNING: [filemgmt 56-199] Attempt to get parsing info during refresh. "On-the-fly" syntax checking information may be incorrect. [C:\Users\Dustin.Mock\code\ece383\Lab1\ece383_lab1.srcs\sources_1\new\counter_baseN.vhd:]
WARNING: [filemgmt 56-199] Attempt to get parsing info during refresh. "On-the-fly" syntax checking information may be incorrect. [C:\Users\Dustin.Mock\code\ece383\Lab1\ece383_lab1.srcs\sources_1\new\VGA.vhd:]
WARNING: [filemgmt 56-199] Attempt to get parsing info during refresh. "On-the-fly" syntax checking information may be incorrect. [C:\Users\Dustin.Mock\code\ece383\Lab1\ece383_lab1.srcs\sources_1\new\VGA.vhd:]
open_hw_manager
connect_hw_server -allow_non_jtag
INFO: [Labtools 27-2285] Connecting to hw_server url TCP:localhost:3121
INFO: [Labtools 27-2222] Launching hw_server...
INFO: [Labtools 27-2221] Launch Output:

****** Xilinx hw_server v2024.2
  **** Build date : Oct 29 2024 at 10:25:41
    ** Copyright 1986-2022 Xilinx, Inc. All Rights Reserved.


INFO: [Labtools 27-3415] Connecting to cs_server url TCP:localhost:0
INFO: [Labtools 27-3417] Launching cs_server...
INFO: [Labtools 27-2221] Launch Output:


******** Xilinx cs_server v2024.2.0
  ****** Build date   : Oct 30 2024-12:19:07
    **** Build number : 2024.2.1730312347
      ** Copyright 2017-2022 Xilinx, Inc. All Rights Reserved.
      ** Copyright 2022-2025 Advanced Micro Devices, Inc. All Rights Reserved.



connect_hw_server: Time (s): cpu = 00:00:01 ; elapsed = 00:00:18 . Memory (MB): peak = 1157.609 ; gain = 4.062
disconnect_hw_server localhost:3121
connect_hw_server -allow_non_jtag
INFO: [Labtools 27-2285] Connecting to hw_server url TCP:localhost:3121
INFO: [Labtools 27-3415] Connecting to cs_server url TCP:localhost:0
INFO: [Labtools 27-3417] Launching cs_server...
INFO: [Labtools 27-2221] Launch Output:


******** Xilinx cs_server v2024.2.0
  ****** Build date   : Oct 30 2024-12:19:07
    **** Build number : 2024.2.1730312347
      ** Copyright 2017-2022 Xilinx, Inc. All Rights Reserved.
      ** Copyright 2022-2025 Advanced Micro Devices, Inc. All Rights Reserved.



connect_hw_server: Time (s): cpu = 00:00:01 ; elapsed = 00:00:11 . Memory (MB): peak = 1157.609 ; gain = 0.000
open_hw_target
INFO: [Labtoolstcl 44-466] Opening hw_target localhost:3121/xilinx_tcf/Digilent/210276AEF70AB
set_property PROGRAM.FILE {C:/Users/Dustin.Mock/code/ece383/Lab1/ece383_lab1.runs/impl_1/lab1.bit} [get_hw_devices xc7a200t_0]
current_hw_device [get_hw_devices xc7a200t_0]
refresh_hw_device -update_hw_probes false [lindex [get_hw_devices xc7a200t_0] 0]
INFO: [Labtools 27-1434] Device xc7a200t (JTAG device index = 0) is programmed with a design that has no supported debug core(s) in it.
set_property PROBES.FILE {} [get_hw_devices xc7a200t_0]
set_property FULL_PROBES.FILE {} [get_hw_devices xc7a200t_0]
set_property PROGRAM.FILE {C:/Users/Dustin.Mock/code/ece383/Lab1/ece383_lab1.runs/impl_1/lab1.bit} [get_hw_devices xc7a200t_0]
program_hw_devices [get_hw_devices xc7a200t_0]
INFO: [Labtools 27-3164] End of startup status: HIGH
program_hw_devices: Time (s): cpu = 00:00:05 ; elapsed = 00:00:06 . Memory (MB): peak = 1219.422 ; gain = 0.000
refresh_hw_device [lindex [get_hw_devices xc7a200t_0] 0]
INFO: [Labtools 27-1434] Device xc7a200t (JTAG device index = 0) is programmed with a design that has no supported debug core(s) in it.
close_hw_manager
WARNING: [filemgmt 56-199] Attempt to get parsing info during refresh. "On-the-fly" syntax checking information may be incorrect. [C:\Users\Dustin.Mock\code\ece383\Lab1\ece383_lab1.srcs\sources_1\new\VGA.vhd:]
WARNING: [filemgmt 56-199] Attempt to get parsing info during refresh. "On-the-fly" syntax checking information may be incorrect. [C:\Users\Dustin.Mock\code\ece383\Lab1\ece383_lab1.srcs\sources_1\new\debounce_fsm.vhd:]
WARNING: [filemgmt 56-199] Attempt to get parsing info during refresh. "On-the-fly" syntax checking information may be incorrect. [C:\Users\Dustin.Mock\code\ece383\Lab1\ece383_lab1.srcs\sources_1\imports\Lab01_cadet_code\lab1.vhdl:]
WARNING: [filemgmt 56-199] Attempt to get parsing info during refresh. "On-the-fly" syntax checking information may be incorrect. [C:\Users\Dustin.Mock\code\ece383\Lab1\ece383_lab1.srcs\sources_1\imports\Lab01_cadet_code\video.vhdl:]
WARNING: [filemgmt 56-199] Attempt to get parsing info during refresh. "On-the-fly" syntax checking information may be incorrect. [C:\Users\Dustin.Mock\code\ece383\Lab1\ece383_lab1.srcs\sources_1\new\synch_blank.vhd:]
WARNING: [filemgmt 56-199] Attempt to get parsing info during refresh. "On-the-fly" syntax checking information may be incorrect. [C:\Users\Dustin.Mock\code\ece383\Lab1\ece383_lab1.srcs\sources_1\new\scopeFace.vhd:]
WARNING: [filemgmt 56-199] Attempt to get parsing info during refresh. "On-the-fly" syntax checking information may be incorrect. [C:\Users\Dustin.Mock\code\ece383\Lab1\ece383_lab1.srcs\sources_1\new\counter_baseN.vhd:]
WARNING: [filemgmt 56-199] Attempt to get parsing info during refresh. "On-the-fly" syntax checking information may be incorrect. [C:\Users\Dustin.Mock\code\ece383\Lab1\ece383_lab1.srcs\sources_1\new\counter_baseN.vhd:]
WARNING: [filemgmt 56-199] Attempt to get parsing info during refresh. "On-the-fly" syntax checking information may be incorrect. [C:\Users\Dustin.Mock\code\ece383\Lab1\ece383_lab1.srcs\sources_1\new\counter_baseN.vhd:]
WARNING: [filemgmt 56-199] Attempt to get parsing info during refresh. "On-the-fly" syntax checking information may be incorrect. [C:\Users\Dustin.Mock\code\ece383\Lab1\ece383_lab1.srcs\sources_1\new\VGA.vhd:]
WARNING: [filemgmt 56-199] Attempt to get parsing info during refresh. "On-the-fly" syntax checking information may be incorrect. [C:\Users\Dustin.Mock\code\ece383\Lab1\ece383_lab1.srcs\sources_1\new\debounce_fsm.vhd:]
WARNING: [filemgmt 56-199] Attempt to get parsing info during refresh. "On-the-fly" syntax checking information may be incorrect. [C:\Users\Dustin.Mock\code\ece383\Lab1\ece383_lab1.srcs\sources_1\imports\Lab01_cadet_code\lab1.vhdl:]
WARNING: [filemgmt 56-199] Attempt to get parsing info during refresh. "On-the-fly" syntax checking information may be incorrect. [C:\Users\Dustin.Mock\code\ece383\Lab1\ece383_lab1.srcs\sources_1\imports\Lab01_cadet_code\video.vhdl:]
WARNING: [filemgmt 56-199] Attempt to get parsing info during refresh. "On-the-fly" syntax checking information may be incorrect. [C:\Users\Dustin.Mock\code\ece383\Lab1\ece383_lab1.srcs\sources_1\new\synch_blank.vhd:]
WARNING: [filemgmt 56-199] Attempt to get parsing info during refresh. "On-the-fly" syntax checking information may be incorrect. [C:\Users\Dustin.Mock\code\ece383\Lab1\ece383_lab1.srcs\sources_1\new\scopeFace.vhd:]
WARNING: [filemgmt 56-199] Attempt to get parsing info during refresh. "On-the-fly" syntax checking information may be incorrect. [C:\Users\Dustin.Mock\code\ece383\Lab1\ece383_lab1.srcs\sources_1\new\counter_baseN.vhd:]
WARNING: [filemgmt 56-199] Attempt to get parsing info during refresh. "On-the-fly" syntax checking information may be incorrect. [C:\Users\Dustin.Mock\code\ece383\Lab1\ece383_lab1.srcs\sources_1\imports\Lab01_cadet_code\lab1.vhdl:]
WARNING: [filemgmt 56-199] Attempt to get parsing info during refresh. "On-the-fly" syntax checking information may be incorrect. [C:\Users\Dustin.Mock\code\ece383\Lab1\ece383_lab1.srcs\sources_1\imports\Lab01_cadet_code\lab1.vhdl:]
WARNING: [filemgmt 56-199] Attempt to get parsing info during refresh. "On-the-fly" syntax checking information may be incorrect. [C:\Users\Dustin.Mock\code\ece383\Lab1\ece383_lab1.srcs\sources_1\new\VGA.vhd:]
WARNING: [filemgmt 56-199] Attempt to get parsing info during refresh. "On-the-fly" syntax checking information may be incorrect. [C:\Users\Dustin.Mock\code\ece383\Lab1\ece383_lab1.srcs\sources_1\new\debounce_fsm.vhd:]
WARNING: [filemgmt 56-199] Attempt to get parsing info during refresh. "On-the-fly" syntax checking information may be incorrect. [C:\Users\Dustin.Mock\code\ece383\Lab1\ece383_lab1.srcs\sources_1\imports\Lab01_cadet_code\lab1.vhdl:]
WARNING: [filemgmt 56-199] Attempt to get parsing info during refresh. "On-the-fly" syntax checking information may be incorrect. [C:\Users\Dustin.Mock\code\ece383\Lab1\ece383_lab1.srcs\sources_1\imports\Lab01_cadet_code\video.vhdl:]
WARNING: [filemgmt 56-199] Attempt to get parsing info during refresh. "On-the-fly" syntax checking information may be incorrect. [C:\Users\Dustin.Mock\code\ece383\Lab1\ece383_lab1.srcs\sources_1\new\synch_blank.vhd:]
WARNING: [filemgmt 56-199] Attempt to get parsing info during refresh. "On-the-fly" syntax checking information may be incorrect. [C:\Users\Dustin.Mock\code\ece383\Lab1\ece383_lab1.srcs\sources_1\new\scopeFace.vhd:]
WARNING: [filemgmt 56-199] Attempt to get parsing info during refresh. "On-the-fly" syntax checking information may be incorrect. [C:\Users\Dustin.Mock\code\ece383\Lab1\ece383_lab1.srcs\sources_1\new\counter_baseN.vhd:]
WARNING: [filemgmt 56-199] Attempt to get parsing info during refresh. "On-the-fly" syntax checking information may be incorrect. [C:\Users\Dustin.Mock\code\ece383\Lab1\ece383_lab1.srcs\sources_1\imports\Lab01_cadet_code\video.vhdl:]
WARNING: [filemgmt 56-199] Attempt to get parsing info during refresh. "On-the-fly" syntax checking information may be incorrect. [C:\Users\Dustin.Mock\code\ece383\Lab1\ece383_lab1.srcs\sources_1\imports\Lab01_cadet_code\video.vhdl:]
WARNING: [filemgmt 56-199] Attempt to get parsing info during refresh. "On-the-fly" syntax checking information may be incorrect. [C:\Users\Dustin.Mock\code\ece383\Lab1\ece383_lab1.srcs\sources_1\new\VGA.vhd:]
WARNING: [filemgmt 56-199] Attempt to get parsing info during refresh. "On-the-fly" syntax checking information may be incorrect. [C:\Users\Dustin.Mock\code\ece383\Lab1\ece383_lab1.srcs\sources_1\new\debounce_fsm.vhd:]
WARNING: [filemgmt 56-199] Attempt to get parsing info during refresh. "On-the-fly" syntax checking information may be incorrect. [C:\Users\Dustin.Mock\code\ece383\Lab1\ece383_lab1.srcs\sources_1\imports\Lab01_cadet_code\lab1.vhdl:]
WARNING: [filemgmt 56-199] Attempt to get parsing info during refresh. "On-the-fly" syntax checking information may be incorrect. [C:\Users\Dustin.Mock\code\ece383\Lab1\ece383_lab1.srcs\sources_1\imports\Lab01_cadet_code\video.vhdl:]
WARNING: [filemgmt 56-199] Attempt to get parsing info during refresh. "On-the-fly" syntax checking information may be incorrect. [C:\Users\Dustin.Mock\code\ece383\Lab1\ece383_lab1.srcs\sources_1\new\synch_blank.vhd:]
WARNING: [filemgmt 56-199] Attempt to get parsing info during refresh. "On-the-fly" syntax checking information may be incorrect. [C:\Users\Dustin.Mock\code\ece383\Lab1\ece383_lab1.srcs\sources_1\new\scopeFace.vhd:]
WARNING: [filemgmt 56-199] Attempt to get parsing info during refresh. "On-the-fly" syntax checking information may be incorrect. [C:\Users\Dustin.Mock\code\ece383\Lab1\ece383_lab1.srcs\sources_1\new\counter_baseN.vhd:]
WARNING: [filemgmt 56-199] Attempt to get parsing info during refresh. "On-the-fly" syntax checking information may be incorrect. [C:\Users\Dustin.Mock\code\ece383\Lab1\ece383_lab1.srcs\sources_1\new\scopeFace.vhd:]
WARNING: [filemgmt 56-199] Attempt to get parsing info during refresh. "On-the-fly" syntax checking information may be incorrect. [C:\Users\Dustin.Mock\code\ece383\Lab1\ece383_lab1.srcs\sources_1\new\scopeFace.vhd:]
ERROR: [Common 17-180] Spawn failed: No error
ERROR: [Common 17-180] Spawn failed: No error
WARNING: [filemgmt 56-199] Attempt to get parsing info during refresh. "On-the-fly" syntax checking information may be incorrect. [C:\Users\Dustin.Mock\code\ece383\Lab1\ece383_lab1.srcs\sources_1\new\VGA.vhd:]
WARNING: [filemgmt 56-199] Attempt to get parsing info during refresh. "On-the-fly" syntax checking information may be incorrect. [C:\Users\Dustin.Mock\code\ece383\Lab1\ece383_lab1.srcs\sources_1\new\debounce_fsm.vhd:]
WARNING: [filemgmt 56-199] Attempt to get parsing info during refresh. "On-the-fly" syntax checking information may be incorrect. [C:\Users\Dustin.Mock\code\ece383\Lab1\ece383_lab1.srcs\sources_1\imports\Lab01_cadet_code\lab1.vhdl:]
WARNING: [filemgmt 56-199] Attempt to get parsing info during refresh. "On-the-fly" syntax checking information may be incorrect. [C:\Users\Dustin.Mock\code\ece383\Lab1\ece383_lab1.srcs\sources_1\imports\Lab01_cadet_code\video.vhdl:]
WARNING: [filemgmt 56-199] Attempt to get parsing info during refresh. "On-the-fly" syntax checking information may be incorrect. [C:\Users\Dustin.Mock\code\ece383\Lab1\ece383_lab1.srcs\sources_1\new\synch_blank.vhd:]
WARNING: [filemgmt 56-199] Attempt to get parsing info during refresh. "On-the-fly" syntax checking information may be incorrect. [C:\Users\Dustin.Mock\code\ece383\Lab1\ece383_lab1.srcs\sources_1\new\scopeFace.vhd:]
WARNING: [filemgmt 56-199] Attempt to get parsing info during refresh. "On-the-fly" syntax checking information may be incorrect. [C:\Users\Dustin.Mock\code\ece383\Lab1\ece383_lab1.srcs\sources_1\new\counter_baseN.vhd:]
WARNING: [filemgmt 56-199] Attempt to get parsing info during refresh. "On-the-fly" syntax checking information may be incorrect. [C:\Users\Dustin.Mock\code\ece383\Lab1\ece383_lab1.srcs\sources_1\new\debounce_fsm.vhd:]
WARNING: [filemgmt 56-199] Attempt to get parsing info during refresh. "On-the-fly" syntax checking information may be incorrect. [C:\Users\Dustin.Mock\code\ece383\Lab1\ece383_lab1.srcs\sources_1\new\debounce_fsm.vhd:]
WARNING: [filemgmt 56-199] Attempt to get parsing info during refresh. "On-the-fly" syntax checking information may be incorrect. [C:\Users\Dustin.Mock\code\ece383\Lab1\ece383_lab1.srcs\sources_1\new\VGA.vhd:]
WARNING: [filemgmt 56-199] Attempt to get parsing info during refresh. "On-the-fly" syntax checking information may be incorrect. [C:\Users\Dustin.Mock\code\ece383\Lab1\ece383_lab1.srcs\sources_1\new\debounce_fsm.vhd:]
WARNING: [filemgmt 56-199] Attempt to get parsing info during refresh. "On-the-fly" syntax checking information may be incorrect. [C:\Users\Dustin.Mock\code\ece383\Lab1\ece383_lab1.srcs\sources_1\imports\Lab01_cadet_code\lab1.vhdl:]
WARNING: [filemgmt 56-199] Attempt to get parsing info during refresh. "On-the-fly" syntax checking information may be incorrect. [C:\Users\Dustin.Mock\code\ece383\Lab1\ece383_lab1.srcs\sources_1\imports\Lab01_cadet_code\video.vhdl:]
WARNING: [filemgmt 56-199] Attempt to get parsing info during refresh. "On-the-fly" syntax checking information may be incorrect. [C:\Users\Dustin.Mock\code\ece383\Lab1\ece383_lab1.srcs\sources_1\new\synch_blank.vhd:]
WARNING: [filemgmt 56-199] Attempt to get parsing info during refresh. "On-the-fly" syntax checking information may be incorrect. [C:\Users\Dustin.Mock\code\ece383\Lab1\ece383_lab1.srcs\sources_1\new\scopeFace.vhd:]
WARNING: [filemgmt 56-199] Attempt to get parsing info during refresh. "On-the-fly" syntax checking information may be incorrect. [C:\Users\Dustin.Mock\code\ece383\Lab1\ece383_lab1.srcs\sources_1\new\counter_baseN.vhd:]
WARNING: [filemgmt 56-199] Attempt to get parsing info during refresh. "On-the-fly" syntax checking information may be incorrect. [C:\Users\Dustin.Mock\code\ece383\Lab1\ece383_lab1.srcs\sources_1\new\VGA.vhd:]
WARNING: [filemgmt 56-199] Attempt to get parsing info during refresh. "On-the-fly" syntax checking information may be incorrect. [C:\Users\Dustin.Mock\code\ece383\Lab1\ece383_lab1.srcs\sources_1\new\VGA.vhd:]
ERROR: [Common 17-180] Spawn failed: No error
WARNING: [filemgmt 56-199] Attempt to get parsing info during refresh. "On-the-fly" syntax checking information may be incorrect. [C:\Users\Dustin.Mock\code\ece383\Lab1\ece383_lab1.srcs\sources_1\new\VGA.vhd:]
WARNING: [filemgmt 56-199] Attempt to get parsing info during refresh. "On-the-fly" syntax checking information may be incorrect. [C:\Users\Dustin.Mock\code\ece383\Lab1\ece383_lab1.srcs\sources_1\new\debounce_fsm.vhd:]
WARNING: [filemgmt 56-199] Attempt to get parsing info during refresh. "On-the-fly" syntax checking information may be incorrect. [C:\Users\Dustin.Mock\code\ece383\Lab1\ece383_lab1.srcs\sources_1\imports\Lab01_cadet_code\lab1.vhdl:]
WARNING: [filemgmt 56-199] Attempt to get parsing info during refresh. "On-the-fly" syntax checking information may be incorrect. [C:\Users\Dustin.Mock\code\ece383\Lab1\ece383_lab1.srcs\sources_1\imports\Lab01_cadet_code\video.vhdl:]
WARNING: [filemgmt 56-199] Attempt to get parsing info during refresh. "On-the-fly" syntax checking information may be incorrect. [C:\Users\Dustin.Mock\code\ece383\Lab1\ece383_lab1.srcs\sources_1\new\synch_blank.vhd:]
WARNING: [filemgmt 56-199] Attempt to get parsing info during refresh. "On-the-fly" syntax checking information may be incorrect. [C:\Users\Dustin.Mock\code\ece383\Lab1\ece383_lab1.srcs\sources_1\new\scopeFace.vhd:]
WARNING: [filemgmt 56-199] Attempt to get parsing info during refresh. "On-the-fly" syntax checking information may be incorrect. [C:\Users\Dustin.Mock\code\ece383\Lab1\ece383_lab1.srcs\sources_1\new\counter_baseN.vhd:]
WARNING: [filemgmt 56-199] Attempt to get parsing info during refresh. "On-the-fly" syntax checking information may be incorrect. [C:\Users\Dustin.Mock\code\ece383\Lab1\ece383_lab1.srcs\sources_1\new\counter_baseN.vhd:]
WARNING: [filemgmt 56-199] Attempt to get parsing info during refresh. "On-the-fly" syntax checking information may be incorrect. [C:\Users\Dustin.Mock\code\ece383\Lab1\ece383_lab1.srcs\sources_1\new\counter_baseN.vhd:]
WARNING: [filemgmt 56-199] Attempt to get parsing info during refresh. "On-the-fly" syntax checking information may be incorrect. [C:\Users\Dustin.Mock\code\ece383\Lab1\ece383_lab1.srcs\sources_1\new\VGA.vhd:]
WARNING: [filemgmt 56-199] Attempt to get parsing info during refresh. "On-the-fly" syntax checking information may be incorrect. [C:\Users\Dustin.Mock\code\ece383\Lab1\ece383_lab1.srcs\sources_1\new\debounce_fsm.vhd:]
WARNING: [filemgmt 56-199] Attempt to get parsing info during refresh. "On-the-fly" syntax checking information may be incorrect. [C:\Users\Dustin.Mock\code\ece383\Lab1\ece383_lab1.srcs\sources_1\imports\Lab01_cadet_code\lab1.vhdl:]
WARNING: [filemgmt 56-199] Attempt to get parsing info during refresh. "On-the-fly" syntax checking information may be incorrect. [C:\Users\Dustin.Mock\code\ece383\Lab1\ece383_lab1.srcs\sources_1\imports\Lab01_cadet_code\video.vhdl:]
WARNING: [filemgmt 56-199] Attempt to get parsing info during refresh. "On-the-fly" syntax checking information may be incorrect. [C:\Users\Dustin.Mock\code\ece383\Lab1\ece383_lab1.srcs\sources_1\new\synch_blank.vhd:]
WARNING: [filemgmt 56-199] Attempt to get parsing info during refresh. "On-the-fly" syntax checking information may be incorrect. [C:\Users\Dustin.Mock\code\ece383\Lab1\ece383_lab1.srcs\sources_1\new\scopeFace.vhd:]
WARNING: [filemgmt 56-199] Attempt to get parsing info during refresh. "On-the-fly" syntax checking information may be incorrect. [C:\Users\Dustin.Mock\code\ece383\Lab1\ece383_lab1.srcs\sources_1\new\counter_baseN.vhd:]
WARNING: [filemgmt 56-199] Attempt to get parsing info during refresh. "On-the-fly" syntax checking information may be incorrect. [C:\Users\Dustin.Mock\code\ece383\Lab1\ece383_lab1.srcs\sources_1\imports\Lab01_cadet_code\lab1.vhdl:]
WARNING: [filemgmt 56-199] Attempt to get parsing info during refresh. "On-the-fly" syntax checking information may be incorrect. [C:\Users\Dustin.Mock\code\ece383\Lab1\ece383_lab1.srcs\sources_1\imports\Lab01_cadet_code\lab1.vhdl:]
WARNING: [filemgmt 56-199] Attempt to get parsing info during refresh. "On-the-fly" syntax checking information may be incorrect. [C:\Users\Dustin.Mock\code\ece383\Lab1\ece383_lab1.srcs\sources_1\new\VGA.vhd:]
WARNING: [filemgmt 56-199] Attempt to get parsing info during refresh. "On-the-fly" syntax checking information may be incorrect. [C:\Users\Dustin.Mock\code\ece383\Lab1\ece383_lab1.srcs\sources_1\new\debounce_fsm.vhd:]
WARNING: [filemgmt 56-199] Attempt to get parsing info during refresh. "On-the-fly" syntax checking information may be incorrect. [C:\Users\Dustin.Mock\code\ece383\Lab1\ece383_lab1.srcs\sources_1\imports\Lab01_cadet_code\lab1.vhdl:]
WARNING: [filemgmt 56-199] Attempt to get parsing info during refresh. "On-the-fly" syntax checking information may be incorrect. [C:\Users\Dustin.Mock\code\ece383\Lab1\ece383_lab1.srcs\sources_1\imports\Lab01_cadet_code\video.vhdl:]
WARNING: [filemgmt 56-199] Attempt to get parsing info during refresh. "On-the-fly" syntax checking information may be incorrect. [C:\Users\Dustin.Mock\code\ece383\Lab1\ece383_lab1.srcs\sources_1\new\synch_blank.vhd:]
WARNING: [filemgmt 56-199] Attempt to get parsing info during refresh. "On-the-fly" syntax checking information may be incorrect. [C:\Users\Dustin.Mock\code\ece383\Lab1\ece383_lab1.srcs\sources_1\new\scopeFace.vhd:]
WARNING: [filemgmt 56-199] Attempt to get parsing info during refresh. "On-the-fly" syntax checking information may be incorrect. [C:\Users\Dustin.Mock\code\ece383\Lab1\ece383_lab1.srcs\sources_1\new\counter_baseN.vhd:]
WARNING: [filemgmt 56-199] Attempt to get parsing info during refresh. "On-the-fly" syntax checking information may be incorrect. [C:\Users\Dustin.Mock\code\ece383\Lab1\ece383_lab1.srcs\sources_1\imports\Lab01_cadet_code\video.vhdl:]
WARNING: [filemgmt 56-199] Attempt to get parsing info during refresh. "On-the-fly" syntax checking information may be incorrect. [C:\Users\Dustin.Mock\code\ece383\Lab1\ece383_lab1.srcs\sources_1\imports\Lab01_cadet_code\video.vhdl:]
WARNING: [filemgmt 56-199] Attempt to get parsing info during refresh. "On-the-fly" syntax checking information may be incorrect. [C:\Users\Dustin.Mock\code\ece383\Lab1\ece383_lab1.srcs\sources_1\new\VGA.vhd:]
WARNING: [filemgmt 56-199] Attempt to get parsing info during refresh. "On-the-fly" syntax checking information may be incorrect. [C:\Users\Dustin.Mock\code\ece383\Lab1\ece383_lab1.srcs\sources_1\new\debounce_fsm.vhd:]
WARNING: [filemgmt 56-199] Attempt to get parsing info during refresh. "On-the-fly" syntax checking information may be incorrect. [C:\Users\Dustin.Mock\code\ece383\Lab1\ece383_lab1.srcs\sources_1\imports\Lab01_cadet_code\lab1.vhdl:]
WARNING: [filemgmt 56-199] Attempt to get parsing info during refresh. "On-the-fly" syntax checking information may be incorrect. [C:\Users\Dustin.Mock\code\ece383\Lab1\ece383_lab1.srcs\sources_1\imports\Lab01_cadet_code\video.vhdl:]
WARNING: [filemgmt 56-199] Attempt to get parsing info during refresh. "On-the-fly" syntax checking information may be incorrect. [C:\Users\Dustin.Mock\code\ece383\Lab1\ece383_lab1.srcs\sources_1\new\synch_blank.vhd:]
WARNING: [filemgmt 56-199] Attempt to get parsing info during refresh. "On-the-fly" syntax checking information may be incorrect. [C:\Users\Dustin.Mock\code\ece383\Lab1\ece383_lab1.srcs\sources_1\new\scopeFace.vhd:]
WARNING: [filemgmt 56-199] Attempt to get parsing info during refresh. "On-the-fly" syntax checking information may be incorrect. [C:\Users\Dustin.Mock\code\ece383\Lab1\ece383_lab1.srcs\sources_1\new\counter_baseN.vhd:]
WARNING: [filemgmt 56-199] Attempt to get parsing info during refresh. "On-the-fly" syntax checking information may be incorrect. [C:\Users\Dustin.Mock\code\ece383\Lab1\ece383_lab1.srcs\sources_1\new\synch_blank.vhd:]
WARNING: [filemgmt 56-199] Attempt to get parsing info during refresh. "On-the-fly" syntax checking information may be incorrect. [C:\Users\Dustin.Mock\code\ece383\Lab1\ece383_lab1.srcs\sources_1\new\synch_blank.vhd:]
WARNING: [filemgmt 56-199] Attempt to get parsing info during refresh. "On-the-fly" syntax checking information may be incorrect. [C:\Users\Dustin.Mock\code\ece383\Lab1\ece383_lab1.srcs\sources_1\new\VGA.vhd:]
WARNING: [filemgmt 56-199] Attempt to get parsing info during refresh. "On-the-fly" syntax checking information may be incorrect. [C:\Users\Dustin.Mock\code\ece383\Lab1\ece383_lab1.srcs\sources_1\new\debounce_fsm.vhd:]
WARNING: [filemgmt 56-199] Attempt to get parsing info during refresh. "On-the-fly" syntax checking information may be incorrect. [C:\Users\Dustin.Mock\code\ece383\Lab1\ece383_lab1.srcs\sources_1\imports\Lab01_cadet_code\lab1.vhdl:]
WARNING: [filemgmt 56-199] Attempt to get parsing info during refresh. "On-the-fly" syntax checking information may be incorrect. [C:\Users\Dustin.Mock\code\ece383\Lab1\ece383_lab1.srcs\sources_1\imports\Lab01_cadet_code\video.vhdl:]
WARNING: [filemgmt 56-199] Attempt to get parsing info during refresh. "On-the-fly" syntax checking information may be incorrect. [C:\Users\Dustin.Mock\code\ece383\Lab1\ece383_lab1.srcs\sources_1\new\synch_blank.vhd:]
WARNING: [filemgmt 56-199] Attempt to get parsing info during refresh. "On-the-fly" syntax checking information may be incorrect. [C:\Users\Dustin.Mock\code\ece383\Lab1\ece383_lab1.srcs\sources_1\new\scopeFace.vhd:]
WARNING: [filemgmt 56-199] Attempt to get parsing info during refresh. "On-the-fly" syntax checking information may be incorrect. [C:\Users\Dustin.Mock\code\ece383\Lab1\ece383_lab1.srcs\sources_1\new\counter_baseN.vhd:]
reset_run synth_1
INFO: [Project 1-1161] Replacing file C:/Users/Dustin.Mock/code/ece383/Lab1/ece383_lab1.srcs/utils_1/imports/synth_1/lab1.dcp with file C:/Users/Dustin.Mock/code/ece383/Lab1/ece383_lab1.runs/synth_1/lab1.dcp
launch_runs impl_1 -to_step write_bitstream -jobs 4
[Fri Feb 14 20:00:08 2025] Launched synth_1...
Run output will be captured here: C:/Users/Dustin.Mock/code/ece383/Lab1/ece383_lab1.runs/synth_1/runme.log
[Fri Feb 14 20:00:08 2025] Launched impl_1...
Run output will be captured here: C:/Users/Dustin.Mock/code/ece383/Lab1/ece383_lab1.runs/impl_1/runme.log
WARNING: [filemgmt 56-199] Attempt to get parsing info during refresh. "On-the-fly" syntax checking information may be incorrect. [C:\Users\Dustin.Mock\code\ece383\Lab1\ece383_lab1.srcs\sources_1\new\VGA.vhd:]
WARNING: [filemgmt 56-199] Attempt to get parsing info during refresh. "On-the-fly" syntax checking information may be incorrect. [C:\Users\Dustin.Mock\code\ece383\Lab1\ece383_lab1.srcs\sources_1\new\debounce_fsm.vhd:]
WARNING: [filemgmt 56-199] Attempt to get parsing info during refresh. "On-the-fly" syntax checking information may be incorrect. [C:\Users\Dustin.Mock\code\ece383\Lab1\ece383_lab1.srcs\sources_1\imports\Lab01_cadet_code\lab1.vhdl:]
WARNING: [filemgmt 56-199] Attempt to get parsing info during refresh. "On-the-fly" syntax checking information may be incorrect. [C:\Users\Dustin.Mock\code\ece383\Lab1\ece383_lab1.srcs\sources_1\imports\Lab01_cadet_code\video.vhdl:]
WARNING: [filemgmt 56-199] Attempt to get parsing info during refresh. "On-the-fly" syntax checking information may be incorrect. [C:\Users\Dustin.Mock\code\ece383\Lab1\ece383_lab1.srcs\sources_1\new\synch_blank.vhd:]
WARNING: [filemgmt 56-199] Attempt to get parsing info during refresh. "On-the-fly" syntax checking information may be incorrect. [C:\Users\Dustin.Mock\code\ece383\Lab1\ece383_lab1.srcs\sources_1\new\scopeFace.vhd:]
WARNING: [filemgmt 56-199] Attempt to get parsing info during refresh. "On-the-fly" syntax checking information may be incorrect. [C:\Users\Dustin.Mock\code\ece383\Lab1\ece383_lab1.srcs\sources_1\new\counter_baseN.vhd:]
WARNING: [filemgmt 56-199] Attempt to get parsing info during refresh. "On-the-fly" syntax checking information may be incorrect. [C:\Users\Dustin.Mock\code\ece383\Lab1\ece383_lab1.srcs\sources_1\new\counter_baseN.vhd:]
WARNING: [filemgmt 56-199] Attempt to get parsing info during refresh. "On-the-fly" syntax checking information may be incorrect. [C:\Users\Dustin.Mock\code\ece383\Lab1\ece383_lab1.srcs\sources_1\new\counter_baseN.vhd:]
WARNING: [filemgmt 56-199] Attempt to get parsing info during refresh. "On-the-fly" syntax checking information may be incorrect. [C:\Users\Dustin.Mock\code\ece383\Lab1\ece383_lab1.srcs\sources_1\new\VGA.vhd:]
WARNING: [filemgmt 56-199] Attempt to get parsing info during refresh. "On-the-fly" syntax checking information may be incorrect. [C:\Users\Dustin.Mock\code\ece383\Lab1\ece383_lab1.srcs\sources_1\new\debounce_fsm.vhd:]
WARNING: [filemgmt 56-199] Attempt to get parsing info during refresh. "On-the-fly" syntax checking information may be incorrect. [C:\Users\Dustin.Mock\code\ece383\Lab1\ece383_lab1.srcs\sources_1\imports\Lab01_cadet_code\lab1.vhdl:]
WARNING: [filemgmt 56-199] Attempt to get parsing info during refresh. "On-the-fly" syntax checking information may be incorrect. [C:\Users\Dustin.Mock\code\ece383\Lab1\ece383_lab1.srcs\sources_1\imports\Lab01_cadet_code\video.vhdl:]
WARNING: [filemgmt 56-199] Attempt to get parsing info during refresh. "On-the-fly" syntax checking information may be incorrect. [C:\Users\Dustin.Mock\code\ece383\Lab1\ece383_lab1.srcs\sources_1\new\synch_blank.vhd:]
WARNING: [filemgmt 56-199] Attempt to get parsing info during refresh. "On-the-fly" syntax checking information may be incorrect. [C:\Users\Dustin.Mock\code\ece383\Lab1\ece383_lab1.srcs\sources_1\new\scopeFace.vhd:]
WARNING: [filemgmt 56-199] Attempt to get parsing info during refresh. "On-the-fly" syntax checking information may be incorrect. [C:\Users\Dustin.Mock\code\ece383\Lab1\ece383_lab1.srcs\sources_1\new\counter_baseN.vhd:]
WARNING: [filemgmt 56-199] Attempt to get parsing info during refresh. "On-the-fly" syntax checking information may be incorrect. [C:\Users\Dustin.Mock\code\ece383\Lab1\ece383_lab1.srcs\sources_1\imports\Lab01_cadet_code\lab1.vhdl:]
WARNING: [filemgmt 56-199] Attempt to get parsing info during refresh. "On-the-fly" syntax checking information may be incorrect. [C:\Users\Dustin.Mock\code\ece383\Lab1\ece383_lab1.srcs\sources_1\imports\Lab01_cadet_code\lab1.vhdl:]
WARNING: [filemgmt 56-199] Attempt to get parsing info during refresh. "On-the-fly" syntax checking information may be incorrect. [C:\Users\Dustin.Mock\code\ece383\Lab1\ece383_lab1.srcs\sources_1\new\VGA.vhd:]
WARNING: [filemgmt 56-199] Attempt to get parsing info during refresh. "On-the-fly" syntax checking information may be incorrect. [C:\Users\Dustin.Mock\code\ece383\Lab1\ece383_lab1.srcs\sources_1\new\debounce_fsm.vhd:]
WARNING: [filemgmt 56-199] Attempt to get parsing info during refresh. "On-the-fly" syntax checking information may be incorrect. [C:\Users\Dustin.Mock\code\ece383\Lab1\ece383_lab1.srcs\sources_1\imports\Lab01_cadet_code\lab1.vhdl:]
WARNING: [filemgmt 56-199] Attempt to get parsing info during refresh. "On-the-fly" syntax checking information may be incorrect. [C:\Users\Dustin.Mock\code\ece383\Lab1\ece383_lab1.srcs\sources_1\imports\Lab01_cadet_code\video.vhdl:]
WARNING: [filemgmt 56-199] Attempt to get parsing info during refresh. "On-the-fly" syntax checking information may be incorrect. [C:\Users\Dustin.Mock\code\ece383\Lab1\ece383_lab1.srcs\sources_1\new\synch_blank.vhd:]
WARNING: [filemgmt 56-199] Attempt to get parsing info during refresh. "On-the-fly" syntax checking information may be incorrect. [C:\Users\Dustin.Mock\code\ece383\Lab1\ece383_lab1.srcs\sources_1\new\scopeFace.vhd:]
WARNING: [filemgmt 56-199] Attempt to get parsing info during refresh. "On-the-fly" syntax checking information may be incorrect. [C:\Users\Dustin.Mock\code\ece383\Lab1\ece383_lab1.srcs\sources_1\new\counter_baseN.vhd:]
WARNING: [filemgmt 56-199] Attempt to get parsing info during refresh. "On-the-fly" syntax checking information may be incorrect. [C:\Users\Dustin.Mock\code\ece383\Lab1\ece383_lab1.srcs\sources_1\imports\Lab01_cadet_code\video.vhdl:]
WARNING: [filemgmt 56-199] Attempt to get parsing info during refresh. "On-the-fly" syntax checking information may be incorrect. [C:\Users\Dustin.Mock\code\ece383\Lab1\ece383_lab1.srcs\sources_1\imports\Lab01_cadet_code\video.vhdl:]
WARNING: [filemgmt 56-199] Attempt to get parsing info during refresh. "On-the-fly" syntax checking information may be incorrect. [C:\Users\Dustin.Mock\code\ece383\Lab1\ece383_lab1.srcs\sources_1\new\VGA.vhd:]
WARNING: [filemgmt 56-199] Attempt to get parsing info during refresh. "On-the-fly" syntax checking information may be incorrect. [C:\Users\Dustin.Mock\code\ece383\Lab1\ece383_lab1.srcs\sources_1\new\debounce_fsm.vhd:]
WARNING: [filemgmt 56-199] Attempt to get parsing info during refresh. "On-the-fly" syntax checking information may be incorrect. [C:\Users\Dustin.Mock\code\ece383\Lab1\ece383_lab1.srcs\sources_1\imports\Lab01_cadet_code\lab1.vhdl:]
WARNING: [filemgmt 56-199] Attempt to get parsing info during refresh. "On-the-fly" syntax checking information may be incorrect. [C:\Users\Dustin.Mock\code\ece383\Lab1\ece383_lab1.srcs\sources_1\imports\Lab01_cadet_code\video.vhdl:]
WARNING: [filemgmt 56-199] Attempt to get parsing info during refresh. "On-the-fly" syntax checking information may be incorrect. [C:\Users\Dustin.Mock\code\ece383\Lab1\ece383_lab1.srcs\sources_1\new\synch_blank.vhd:]
WARNING: [filemgmt 56-199] Attempt to get parsing info during refresh. "On-the-fly" syntax checking information may be incorrect. [C:\Users\Dustin.Mock\code\ece383\Lab1\ece383_lab1.srcs\sources_1\new\scopeFace.vhd:]
WARNING: [filemgmt 56-199] Attempt to get parsing info during refresh. "On-the-fly" syntax checking information may be incorrect. [C:\Users\Dustin.Mock\code\ece383\Lab1\ece383_lab1.srcs\sources_1\new\counter_baseN.vhd:]
WARNING: [filemgmt 56-199] Attempt to get parsing info during refresh. "On-the-fly" syntax checking information may be incorrect. [C:\Users\Dustin.Mock\code\ece383\Lab1\ece383_lab1.srcs\sources_1\new\VGA.vhd:]
WARNING: [filemgmt 56-199] Attempt to get parsing info during refresh. "On-the-fly" syntax checking information may be incorrect. [C:\Users\Dustin.Mock\code\ece383\Lab1\ece383_lab1.srcs\sources_1\new\VGA.vhd:]
WARNING: [filemgmt 56-199] Attempt to get parsing info during refresh. "On-the-fly" syntax checking information may be incorrect. [C:\Users\Dustin.Mock\code\ece383\Lab1\ece383_lab1.srcs\sources_1\new\VGA.vhd:]
WARNING: [filemgmt 56-199] Attempt to get parsing info during refresh. "On-the-fly" syntax checking information may be incorrect. [C:\Users\Dustin.Mock\code\ece383\Lab1\ece383_lab1.srcs\sources_1\new\debounce_fsm.vhd:]
WARNING: [filemgmt 56-199] Attempt to get parsing info during refresh. "On-the-fly" syntax checking information may be incorrect. [C:\Users\Dustin.Mock\code\ece383\Lab1\ece383_lab1.srcs\sources_1\imports\Lab01_cadet_code\lab1.vhdl:]
WARNING: [filemgmt 56-199] Attempt to get parsing info during refresh. "On-the-fly" syntax checking information may be incorrect. [C:\Users\Dustin.Mock\code\ece383\Lab1\ece383_lab1.srcs\sources_1\imports\Lab01_cadet_code\video.vhdl:]
WARNING: [filemgmt 56-199] Attempt to get parsing info during refresh. "On-the-fly" syntax checking information may be incorrect. [C:\Users\Dustin.Mock\code\ece383\Lab1\ece383_lab1.srcs\sources_1\new\synch_blank.vhd:]
WARNING: [filemgmt 56-199] Attempt to get parsing info during refresh. "On-the-fly" syntax checking information may be incorrect. [C:\Users\Dustin.Mock\code\ece383\Lab1\ece383_lab1.srcs\sources_1\new\scopeFace.vhd:]
WARNING: [filemgmt 56-199] Attempt to get parsing info during refresh. "On-the-fly" syntax checking information may be incorrect. [C:\Users\Dustin.Mock\code\ece383\Lab1\ece383_lab1.srcs\sources_1\new\counter_baseN.vhd:]
WARNING: [filemgmt 56-199] Attempt to get parsing info during refresh. "On-the-fly" syntax checking information may be incorrect. [C:\Users\Dustin.Mock\code\ece383\Lab1\ece383_lab1.srcs\sources_1\new\scopeFace.vhd:]
WARNING: [filemgmt 56-199] Attempt to get parsing info during refresh. "On-the-fly" syntax checking information may be incorrect. [C:\Users\Dustin.Mock\code\ece383\Lab1\ece383_lab1.srcs\sources_1\new\scopeFace.vhd:]
WARNING: [filemgmt 56-199] Attempt to get parsing info during refresh. "On-the-fly" syntax checking information may be incorrect. [C:\Users\Dustin.Mock\code\ece383\Lab1\ece383_lab1.srcs\sources_1\new\VGA.vhd:]
WARNING: [filemgmt 56-199] Attempt to get parsing info during refresh. "On-the-fly" syntax checking information may be incorrect. [C:\Users\Dustin.Mock\code\ece383\Lab1\ece383_lab1.srcs\sources_1\new\debounce_fsm.vhd:]
WARNING: [filemgmt 56-199] Attempt to get parsing info during refresh. "On-the-fly" syntax checking information may be incorrect. [C:\Users\Dustin.Mock\code\ece383\Lab1\ece383_lab1.srcs\sources_1\imports\Lab01_cadet_code\lab1.vhdl:]
WARNING: [filemgmt 56-199] Attempt to get parsing info during refresh. "On-the-fly" syntax checking information may be incorrect. [C:\Users\Dustin.Mock\code\ece383\Lab1\ece383_lab1.srcs\sources_1\imports\Lab01_cadet_code\video.vhdl:]
WARNING: [filemgmt 56-199] Attempt to get parsing info during refresh. "On-the-fly" syntax checking information may be incorrect. [C:\Users\Dustin.Mock\code\ece383\Lab1\ece383_lab1.srcs\sources_1\new\synch_blank.vhd:]
WARNING: [filemgmt 56-199] Attempt to get parsing info during refresh. "On-the-fly" syntax checking information may be incorrect. [C:\Users\Dustin.Mock\code\ece383\Lab1\ece383_lab1.srcs\sources_1\new\scopeFace.vhd:]
WARNING: [filemgmt 56-199] Attempt to get parsing info during refresh. "On-the-fly" syntax checking information may be incorrect. [C:\Users\Dustin.Mock\code\ece383\Lab1\ece383_lab1.srcs\sources_1\new\counter_baseN.vhd:]
WARNING: [filemgmt 56-199] Attempt to get parsing info during refresh. "On-the-fly" syntax checking information may be incorrect. [C:\Users\Dustin.Mock\code\ece383\Lab1\ece383_lab1.srcs\sources_1\new\synch_blank.vhd:]
WARNING: [filemgmt 56-199] Attempt to get parsing info during refresh. "On-the-fly" syntax checking information may be incorrect. [C:\Users\Dustin.Mock\code\ece383\Lab1\ece383_lab1.srcs\sources_1\new\synch_blank.vhd:]
open_hw_manager
connect_hw_server -allow_non_jtag
INFO: [Labtools 27-2285] Connecting to hw_server url TCP:localhost:3121
INFO: [Labtools 27-2222] Launching hw_server...
INFO: [Labtools 27-2221] Launch Output:

****** Xilinx hw_server v2024.2
  **** Build date : Oct 29 2024 at 10:25:41
    ** Copyright 1986-2022 Xilinx, Inc. All Rights Reserved.


INFO: [Labtools 27-3415] Connecting to cs_server url TCP:localhost:0
INFO: [Labtools 27-3417] Launching cs_server...
INFO: [Labtools 27-2221] Launch Output:


******** Xilinx cs_server v2024.2.0
  ****** Build date   : Oct 30 2024-12:19:07
    **** Build number : 2024.2.1730312347
      ** Copyright 2017-2022 Xilinx, Inc. All Rights Reserved.
      ** Copyright 2022-2025 Advanced Micro Devices, Inc. All Rights Reserved.



connect_hw_server: Time (s): cpu = 00:00:01 ; elapsed = 00:00:16 . Memory (MB): peak = 1234.887 ; gain = 0.000
open_hw_target
INFO: [Labtoolstcl 44-466] Opening hw_target localhost:3121/xilinx_tcf/Digilent/210276AEF70AB
set_property PROGRAM.FILE {C:/Users/Dustin.Mock/code/ece383/Lab1/ece383_lab1.runs/impl_1/lab1.bit} [get_hw_devices xc7a200t_0]
current_hw_device [get_hw_devices xc7a200t_0]
refresh_hw_device -update_hw_probes false [lindex [get_hw_devices xc7a200t_0] 0]
INFO: [Labtools 27-1434] Device xc7a200t (JTAG device index = 0) is programmed with a design that has no supported debug core(s) in it.
set_property PROBES.FILE {} [get_hw_devices xc7a200t_0]
set_property FULL_PROBES.FILE {} [get_hw_devices xc7a200t_0]
set_property PROGRAM.FILE {C:/Users/Dustin.Mock/code/ece383/Lab1/ece383_lab1.runs/impl_1/lab1.bit} [get_hw_devices xc7a200t_0]
program_hw_devices [get_hw_devices xc7a200t_0]
INFO: [Labtools 27-3164] End of startup status: HIGH
program_hw_devices: Time (s): cpu = 00:00:05 ; elapsed = 00:00:06 . Memory (MB): peak = 1245.965 ; gain = 0.000
refresh_hw_device [lindex [get_hw_devices xc7a200t_0] 0]
INFO: [Labtools 27-1434] Device xc7a200t (JTAG device index = 0) is programmed with a design that has no supported debug core(s) in it.
WARNING: [filemgmt 56-199] Attempt to get parsing info during refresh. "On-the-fly" syntax checking information may be incorrect. [C:\Users\Dustin.Mock\code\ece383\Lab1\ece383_lab1.srcs\sources_1\new\VGA.vhd:]
WARNING: [filemgmt 56-199] Attempt to get parsing info during refresh. "On-the-fly" syntax checking information may be incorrect. [C:\Users\Dustin.Mock\code\ece383\Lab1\ece383_lab1.srcs\sources_1\new\debounce_fsm.vhd:]
WARNING: [filemgmt 56-199] Attempt to get parsing info during refresh. "On-the-fly" syntax checking information may be incorrect. [C:\Users\Dustin.Mock\code\ece383\Lab1\ece383_lab1.srcs\sources_1\imports\Lab01_cadet_code\lab1.vhdl:]
WARNING: [filemgmt 56-199] Attempt to get parsing info during refresh. "On-the-fly" syntax checking information may be incorrect. [C:\Users\Dustin.Mock\code\ece383\Lab1\ece383_lab1.srcs\sources_1\imports\Lab01_cadet_code\video.vhdl:]
WARNING: [filemgmt 56-199] Attempt to get parsing info during refresh. "On-the-fly" syntax checking information may be incorrect. [C:\Users\Dustin.Mock\code\ece383\Lab1\ece383_lab1.srcs\sources_1\new\synch_blank.vhd:]
WARNING: [filemgmt 56-199] Attempt to get parsing info during refresh. "On-the-fly" syntax checking information may be incorrect. [C:\Users\Dustin.Mock\code\ece383\Lab1\ece383_lab1.srcs\sources_1\new\scopeFace.vhd:]
WARNING: [filemgmt 56-199] Attempt to get parsing info during refresh. "On-the-fly" syntax checking information may be incorrect. [C:\Users\Dustin.Mock\code\ece383\Lab1\ece383_lab1.srcs\sources_1\new\counter_baseN.vhd:]
WARNING: [filemgmt 56-199] Attempt to get parsing info during refresh. "On-the-fly" syntax checking information may be incorrect. [C:\Users\Dustin.Mock\code\ece383\Lab1\ece383_lab1.srcs\sources_1\new\counter_baseN.vhd:]
WARNING: [filemgmt 56-199] Attempt to get parsing info during refresh. "On-the-fly" syntax checking information may be incorrect. [C:\Users\Dustin.Mock\code\ece383\Lab1\ece383_lab1.srcs\sources_1\new\counter_baseN.vhd:]
WARNING: [filemgmt 56-199] Attempt to get parsing info during refresh. "On-the-fly" syntax checking information may be incorrect. [C:\Users\Dustin.Mock\code\ece383\Lab1\ece383_lab1.srcs\sources_1\new\VGA.vhd:]
WARNING: [filemgmt 56-199] Attempt to get parsing info during refresh. "On-the-fly" syntax checking information may be incorrect. [C:\Users\Dustin.Mock\code\ece383\Lab1\ece383_lab1.srcs\sources_1\new\debounce_fsm.vhd:]
WARNING: [filemgmt 56-199] Attempt to get parsing info during refresh. "On-the-fly" syntax checking information may be incorrect. [C:\Users\Dustin.Mock\code\ece383\Lab1\ece383_lab1.srcs\sources_1\imports\Lab01_cadet_code\lab1.vhdl:]
WARNING: [filemgmt 56-199] Attempt to get parsing info during refresh. "On-the-fly" syntax checking information may be incorrect. [C:\Users\Dustin.Mock\code\ece383\Lab1\ece383_lab1.srcs\sources_1\imports\Lab01_cadet_code\video.vhdl:]
WARNING: [filemgmt 56-199] Attempt to get parsing info during refresh. "On-the-fly" syntax checking information may be incorrect. [C:\Users\Dustin.Mock\code\ece383\Lab1\ece383_lab1.srcs\sources_1\new\synch_blank.vhd:]
WARNING: [filemgmt 56-199] Attempt to get parsing info during refresh. "On-the-fly" syntax checking information may be incorrect. [C:\Users\Dustin.Mock\code\ece383\Lab1\ece383_lab1.srcs\sources_1\new\scopeFace.vhd:]
WARNING: [filemgmt 56-199] Attempt to get parsing info during refresh. "On-the-fly" syntax checking information may be incorrect. [C:\Users\Dustin.Mock\code\ece383\Lab1\ece383_lab1.srcs\sources_1\new\counter_baseN.vhd:]
WARNING: [filemgmt 56-199] Attempt to get parsing info during refresh. "On-the-fly" syntax checking information may be incorrect. [C:\Users\Dustin.Mock\code\ece383\Lab1\ece383_lab1.srcs\sources_1\imports\Lab01_cadet_code\lab1.vhdl:]
WARNING: [filemgmt 56-199] Attempt to get parsing info during refresh. "On-the-fly" syntax checking information may be incorrect. [C:\Users\Dustin.Mock\code\ece383\Lab1\ece383_lab1.srcs\sources_1\imports\Lab01_cadet_code\lab1.vhdl:]
WARNING: [filemgmt 56-199] Attempt to get parsing info during refresh. "On-the-fly" syntax checking information may be incorrect. [C:\Users\Dustin.Mock\code\ece383\Lab1\ece383_lab1.srcs\sources_1\new\VGA.vhd:]
WARNING: [filemgmt 56-199] Attempt to get parsing info during refresh. "On-the-fly" syntax checking information may be incorrect. [C:\Users\Dustin.Mock\code\ece383\Lab1\ece383_lab1.srcs\sources_1\new\debounce_fsm.vhd:]
WARNING: [filemgmt 56-199] Attempt to get parsing info during refresh. "On-the-fly" syntax checking information may be incorrect. [C:\Users\Dustin.Mock\code\ece383\Lab1\ece383_lab1.srcs\sources_1\imports\Lab01_cadet_code\lab1.vhdl:]
WARNING: [filemgmt 56-199] Attempt to get parsing info during refresh. "On-the-fly" syntax checking information may be incorrect. [C:\Users\Dustin.Mock\code\ece383\Lab1\ece383_lab1.srcs\sources_1\imports\Lab01_cadet_code\video.vhdl:]
WARNING: [filemgmt 56-199] Attempt to get parsing info during refresh. "On-the-fly" syntax checking information may be incorrect. [C:\Users\Dustin.Mock\code\ece383\Lab1\ece383_lab1.srcs\sources_1\new\synch_blank.vhd:]
WARNING: [filemgmt 56-199] Attempt to get parsing info during refresh. "On-the-fly" syntax checking information may be incorrect. [C:\Users\Dustin.Mock\code\ece383\Lab1\ece383_lab1.srcs\sources_1\new\scopeFace.vhd:]
WARNING: [filemgmt 56-199] Attempt to get parsing info during refresh. "On-the-fly" syntax checking information may be incorrect. [C:\Users\Dustin.Mock\code\ece383\Lab1\ece383_lab1.srcs\sources_1\new\counter_baseN.vhd:]
WARNING: [filemgmt 56-199] Attempt to get parsing info during refresh. "On-the-fly" syntax checking information may be incorrect. [C:\Users\Dustin.Mock\code\ece383\Lab1\ece383_lab1.srcs\sources_1\imports\Lab01_cadet_code\video.vhdl:]
WARNING: [filemgmt 56-199] Attempt to get parsing info during refresh. "On-the-fly" syntax checking information may be incorrect. [C:\Users\Dustin.Mock\code\ece383\Lab1\ece383_lab1.srcs\sources_1\imports\Lab01_cadet_code\video.vhdl:]
WARNING: [filemgmt 56-199] Attempt to get parsing info during refresh. "On-the-fly" syntax checking information may be incorrect. [C:\Users\Dustin.Mock\code\ece383\Lab1\ece383_lab1.srcs\sources_1\new\VGA.vhd:]
WARNING: [filemgmt 56-199] Attempt to get parsing info during refresh. "On-the-fly" syntax checking information may be incorrect. [C:\Users\Dustin.Mock\code\ece383\Lab1\ece383_lab1.srcs\sources_1\new\debounce_fsm.vhd:]
WARNING: [filemgmt 56-199] Attempt to get parsing info during refresh. "On-the-fly" syntax checking information may be incorrect. [C:\Users\Dustin.Mock\code\ece383\Lab1\ece383_lab1.srcs\sources_1\imports\Lab01_cadet_code\lab1.vhdl:]
WARNING: [filemgmt 56-199] Attempt to get parsing info during refresh. "On-the-fly" syntax checking information may be incorrect. [C:\Users\Dustin.Mock\code\ece383\Lab1\ece383_lab1.srcs\sources_1\imports\Lab01_cadet_code\video.vhdl:]
WARNING: [filemgmt 56-199] Attempt to get parsing info during refresh. "On-the-fly" syntax checking information may be incorrect. [C:\Users\Dustin.Mock\code\ece383\Lab1\ece383_lab1.srcs\sources_1\new\synch_blank.vhd:]
WARNING: [filemgmt 56-199] Attempt to get parsing info during refresh. "On-the-fly" syntax checking information may be incorrect. [C:\Users\Dustin.Mock\code\ece383\Lab1\ece383_lab1.srcs\sources_1\new\scopeFace.vhd:]
WARNING: [filemgmt 56-199] Attempt to get parsing info during refresh. "On-the-fly" syntax checking information may be incorrect. [C:\Users\Dustin.Mock\code\ece383\Lab1\ece383_lab1.srcs\sources_1\new\counter_baseN.vhd:]
WARNING: [filemgmt 56-199] Attempt to get parsing info during refresh. "On-the-fly" syntax checking information may be incorrect. [C:\Users\Dustin.Mock\code\ece383\Lab1\ece383_lab1.srcs\sources_1\new\synch_blank.vhd:]
WARNING: [filemgmt 56-199] Attempt to get parsing info during refresh. "On-the-fly" syntax checking information may be incorrect. [C:\Users\Dustin.Mock\code\ece383\Lab1\ece383_lab1.srcs\sources_1\new\synch_blank.vhd:]
WARNING: [filemgmt 56-199] Attempt to get parsing info during refresh. "On-the-fly" syntax checking information may be incorrect. [C:\Users\Dustin.Mock\code\ece383\Lab1\ece383_lab1.srcs\sources_1\new\VGA.vhd:]
WARNING: [filemgmt 56-199] Attempt to get parsing info during refresh. "On-the-fly" syntax checking information may be incorrect. [C:\Users\Dustin.Mock\code\ece383\Lab1\ece383_lab1.srcs\sources_1\new\debounce_fsm.vhd:]
WARNING: [filemgmt 56-199] Attempt to get parsing info during refresh. "On-the-fly" syntax checking information may be incorrect. [C:\Users\Dustin.Mock\code\ece383\Lab1\ece383_lab1.srcs\sources_1\imports\Lab01_cadet_code\lab1.vhdl:]
WARNING: [filemgmt 56-199] Attempt to get parsing info during refresh. "On-the-fly" syntax checking information may be incorrect. [C:\Users\Dustin.Mock\code\ece383\Lab1\ece383_lab1.srcs\sources_1\imports\Lab01_cadet_code\video.vhdl:]
WARNING: [filemgmt 56-199] Attempt to get parsing info during refresh. "On-the-fly" syntax checking information may be incorrect. [C:\Users\Dustin.Mock\code\ece383\Lab1\ece383_lab1.srcs\sources_1\new\synch_blank.vhd:]
WARNING: [filemgmt 56-199] Attempt to get parsing info during refresh. "On-the-fly" syntax checking information may be incorrect. [C:\Users\Dustin.Mock\code\ece383\Lab1\ece383_lab1.srcs\sources_1\new\scopeFace.vhd:]
WARNING: [filemgmt 56-199] Attempt to get parsing info during refresh. "On-the-fly" syntax checking information may be incorrect. [C:\Users\Dustin.Mock\code\ece383\Lab1\ece383_lab1.srcs\sources_1\new\counter_baseN.vhd:]
WARNING: [filemgmt 56-199] Attempt to get parsing info during refresh. "On-the-fly" syntax checking information may be incorrect. [C:\Users\Dustin.Mock\code\ece383\Lab1\ece383_lab1.srcs\sources_1\new\debounce_fsm.vhd:]
WARNING: [filemgmt 56-199] Attempt to get parsing info during refresh. "On-the-fly" syntax checking information may be incorrect. [C:\Users\Dustin.Mock\code\ece383\Lab1\ece383_lab1.srcs\sources_1\new\debounce_fsm.vhd:]
WARNING: [filemgmt 56-199] Attempt to get parsing info during refresh. "On-the-fly" syntax checking information may be incorrect. [C:\Users\Dustin.Mock\code\ece383\Lab1\ece383_lab1.srcs\sources_1\new\VGA.vhd:]
INFO: [Common 17-14] Message 'filemgmt 56-199' appears 100 times and further instances of the messages will be disabled. Use the Tcl command set_msg_config to change the current settings.
reset_run synth_1
INFO: [Project 1-1161] Replacing file C:/Users/Dustin.Mock/code/ece383/Lab1/ece383_lab1.srcs/utils_1/imports/synth_1/lab1.dcp with file C:/Users/Dustin.Mock/code/ece383/Lab1/ece383_lab1.runs/synth_1/lab1.dcp
launch_runs impl_1 -to_step write_bitstream -jobs 4
[Fri Feb 14 21:31:33 2025] Launched synth_1...
Run output will be captured here: C:/Users/Dustin.Mock/code/ece383/Lab1/ece383_lab1.runs/synth_1/runme.log
[Fri Feb 14 21:31:33 2025] Launched impl_1...
Run output will be captured here: C:/Users/Dustin.Mock/code/ece383/Lab1/ece383_lab1.runs/impl_1/runme.log
WARNING: [filemgmt 56-199] Attempt to get parsing info during refresh. "On-the-fly" syntax checking information may be incorrect. [C:\Users\Dustin.Mock\code\ece383\Lab1\ece383_lab1.srcs\sources_1\new\VGA.vhd:]
WARNING: [filemgmt 56-199] Attempt to get parsing info during refresh. "On-the-fly" syntax checking information may be incorrect. [C:\Users\Dustin.Mock\code\ece383\Lab1\ece383_lab1.srcs\sources_1\new\debounce_fsm.vhd:]
WARNING: [filemgmt 56-199] Attempt to get parsing info during refresh. "On-the-fly" syntax checking information may be incorrect. [C:\Users\Dustin.Mock\code\ece383\Lab1\ece383_lab1.srcs\sources_1\imports\Lab01_cadet_code\lab1.vhdl:]
WARNING: [filemgmt 56-199] Attempt to get parsing info during refresh. "On-the-fly" syntax checking information may be incorrect. [C:\Users\Dustin.Mock\code\ece383\Lab1\ece383_lab1.srcs\sources_1\imports\Lab01_cadet_code\video.vhdl:]
WARNING: [filemgmt 56-199] Attempt to get parsing info during refresh. "On-the-fly" syntax checking information may be incorrect. [C:\Users\Dustin.Mock\code\ece383\Lab1\ece383_lab1.srcs\sources_1\new\synch_blank.vhd:]
WARNING: [filemgmt 56-199] Attempt to get parsing info during refresh. "On-the-fly" syntax checking information may be incorrect. [C:\Users\Dustin.Mock\code\ece383\Lab1\ece383_lab1.srcs\sources_1\new\scopeFace.vhd:]
WARNING: [filemgmt 56-199] Attempt to get parsing info during refresh. "On-the-fly" syntax checking information may be incorrect. [C:\Users\Dustin.Mock\code\ece383\Lab1\ece383_lab1.srcs\sources_1\new\counter_baseN.vhd:]
WARNING: [filemgmt 56-199] Attempt to get parsing info during refresh. "On-the-fly" syntax checking information may be incorrect. [C:\Users\Dustin.Mock\code\ece383\Lab1\ece383_lab1.srcs\sources_1\new\debounce_fsm.vhd:]
WARNING: [filemgmt 56-199] Attempt to get parsing info during refresh. "On-the-fly" syntax checking information may be incorrect. [C:\Users\Dustin.Mock\code\ece383\Lab1\ece383_lab1.srcs\sources_1\new\debounce_fsm.vhd:]
WARNING: [filemgmt 56-199] Attempt to get parsing info during refresh. "On-the-fly" syntax checking information may be incorrect. [C:\Users\Dustin.Mock\code\ece383\Lab1\ece383_lab1.srcs\sources_1\new\VGA.vhd:]
WARNING: [filemgmt 56-199] Attempt to get parsing info during refresh. "On-the-fly" syntax checking information may be incorrect. [C:\Users\Dustin.Mock\code\ece383\Lab1\ece383_lab1.srcs\sources_1\new\debounce_fsm.vhd:]
WARNING: [filemgmt 56-199] Attempt to get parsing info during refresh. "On-the-fly" syntax checking information may be incorrect. [C:\Users\Dustin.Mock\code\ece383\Lab1\ece383_lab1.srcs\sources_1\imports\Lab01_cadet_code\lab1.vhdl:]
WARNING: [filemgmt 56-199] Attempt to get parsing info during refresh. "On-the-fly" syntax checking information may be incorrect. [C:\Users\Dustin.Mock\code\ece383\Lab1\ece383_lab1.srcs\sources_1\imports\Lab01_cadet_code\video.vhdl:]
WARNING: [filemgmt 56-199] Attempt to get parsing info during refresh. "On-the-fly" syntax checking information may be incorrect. [C:\Users\Dustin.Mock\code\ece383\Lab1\ece383_lab1.srcs\sources_1\new\synch_blank.vhd:]
WARNING: [filemgmt 56-199] Attempt to get parsing info during refresh. "On-the-fly" syntax checking information may be incorrect. [C:\Users\Dustin.Mock\code\ece383\Lab1\ece383_lab1.srcs\sources_1\new\scopeFace.vhd:]
WARNING: [filemgmt 56-199] Attempt to get parsing info during refresh. "On-the-fly" syntax checking information may be incorrect. [C:\Users\Dustin.Mock\code\ece383\Lab1\ece383_lab1.srcs\sources_1\new\counter_baseN.vhd:]
WARNING: [filemgmt 56-199] Attempt to get parsing info during refresh. "On-the-fly" syntax checking information may be incorrect. [C:\Users\Dustin.Mock\code\ece383\Lab1\ece383_lab1.srcs\sources_1\new\scopeFace.vhd:]
WARNING: [filemgmt 56-199] Attempt to get parsing info during refresh. "On-the-fly" syntax checking information may be incorrect. [C:\Users\Dustin.Mock\code\ece383\Lab1\ece383_lab1.srcs\sources_1\new\scopeFace.vhd:]
WARNING: [filemgmt 56-199] Attempt to get parsing info during refresh. "On-the-fly" syntax checking information may be incorrect. [C:\Users\Dustin.Mock\code\ece383\Lab1\ece383_lab1.srcs\sources_1\new\VGA.vhd:]
WARNING: [filemgmt 56-199] Attempt to get parsing info during refresh. "On-the-fly" syntax checking information may be incorrect. [C:\Users\Dustin.Mock\code\ece383\Lab1\ece383_lab1.srcs\sources_1\new\debounce_fsm.vhd:]
WARNING: [filemgmt 56-199] Attempt to get parsing info during refresh. "On-the-fly" syntax checking information may be incorrect. [C:\Users\Dustin.Mock\code\ece383\Lab1\ece383_lab1.srcs\sources_1\imports\Lab01_cadet_code\lab1.vhdl:]
WARNING: [filemgmt 56-199] Attempt to get parsing info during refresh. "On-the-fly" syntax checking information may be incorrect. [C:\Users\Dustin.Mock\code\ece383\Lab1\ece383_lab1.srcs\sources_1\imports\Lab01_cadet_code\video.vhdl:]
WARNING: [filemgmt 56-199] Attempt to get parsing info during refresh. "On-the-fly" syntax checking information may be incorrect. [C:\Users\Dustin.Mock\code\ece383\Lab1\ece383_lab1.srcs\sources_1\new\synch_blank.vhd:]
WARNING: [filemgmt 56-199] Attempt to get parsing info during refresh. "On-the-fly" syntax checking information may be incorrect. [C:\Users\Dustin.Mock\code\ece383\Lab1\ece383_lab1.srcs\sources_1\new\scopeFace.vhd:]
WARNING: [filemgmt 56-199] Attempt to get parsing info during refresh. "On-the-fly" syntax checking information may be incorrect. [C:\Users\Dustin.Mock\code\ece383\Lab1\ece383_lab1.srcs\sources_1\new\counter_baseN.vhd:]
WARNING: [filemgmt 56-199] Attempt to get parsing info during refresh. "On-the-fly" syntax checking information may be incorrect. [C:\Users\Dustin.Mock\code\ece383\Lab1\ece383_lab1.srcs\sources_1\new\synch_blank.vhd:]
WARNING: [filemgmt 56-199] Attempt to get parsing info during refresh. "On-the-fly" syntax checking information may be incorrect. [C:\Users\Dustin.Mock\code\ece383\Lab1\ece383_lab1.srcs\sources_1\new\synch_blank.vhd:]
launch_simulation
Command: launch_simulation 
INFO: [Vivado 12-12493] Simulation top is 'VGA_tb'
WARNING: [Vivado 12-13340] Unable to auto find GCC executables from simulator install path! (path not set)
INFO: [Vivado 12-5698] Checking validity of IPs in the design for the 'XSim' simulator...
INFO: [Vivado 12-5682] Launching behavioral simulation in 'C:/Users/Dustin.Mock/code/ece383/Lab1/ece383_lab1.sim/sim_1/behav/xsim'
INFO: [Vivado 12-4795] Using compiled simulation libraries for IPs
INFO: [SIM-utils-51] Simulation object is 'sim_1'
INFO: [SIM-utils-72] Using boost library from 'C:/Xilinx/Vivado/2024.2/tps/boost_1_72_0'
INFO: [USF-XSim-7] Finding pre-compiled libraries...
INFO: [USF-XSim-11] File 'C:/Xilinx/Vivado/2024.2/data/xsim/xsim.ini' copied to run dir:'C:/Users/Dustin.Mock/code/ece383/Lab1/ece383_lab1.sim/sim_1/behav/xsim'
INFO: [SIM-utils-54] Inspecting design source files for 'VGA_tb' in fileset 'sim_1'...
INFO: [USF-XSim-97] Finding global include files...
INFO: [USF-XSim-98] Fetching design files from 'sim_1'...
INFO: [USF-XSim-2] XSim::Compile design
INFO: [USF-XSim-61] Executing 'COMPILE and ANALYZE' step in 'C:/Users/Dustin.Mock/code/ece383/Lab1/ece383_lab1.sim/sim_1/behav/xsim'
"xvlog --incr --relax -prj VGA_tb_vlog.prj"
"xvhdl --incr --relax -prj VGA_tb_vhdl.prj"
INFO: [VRFC 10-163] Analyzing VHDL file "C:/Users/Dustin.Mock/code/ece383/Lab1/ece383_lab1.srcs/sources_1/new/VGA.vhd" into library xil_defaultlib
INFO: [VRFC 10-3107] analyzing entity 'VGA'
INFO: [VRFC 10-163] Analyzing VHDL file "C:/Users/Dustin.Mock/code/ece383/Lab1/ece383_lab1.srcs/sources_1/new/scopeFace.vhd" into library xil_defaultlib
INFO: [VRFC 10-3107] analyzing entity 'scopeFace'
run_program: Time (s): cpu = 00:00:00 ; elapsed = 00:00:08 . Memory (MB): peak = 1247.062 ; gain = 0.000
INFO: [USF-XSim-69] 'compile' step finished in '8' seconds
INFO: [USF-XSim-3] XSim::Elaborate design
INFO: [USF-XSim-61] Executing 'ELABORATE' step in 'C:/Users/Dustin.Mock/code/ece383/Lab1/ece383_lab1.sim/sim_1/behav/xsim'
"xelab --incr --debug typical --relax --mt 2 -L xil_defaultlib -L unisims_ver -L unimacro_ver -L secureip -L xpm --snapshot VGA_tb_behav xil_defaultlib.VGA_tb xil_defaultlib.glbl -log elaborate.log"
Vivado Simulator v2024.2.0
Copyright 1986-2022 Xilinx, Inc. All Rights Reserved.
Copyright 2022-2024 Advanced Micro Devices, Inc. All Rights Reserved.
Running: C:/Xilinx/Vivado/2024.2/bin/unwrapped/win64.o/xelab.exe --incr --debug typical --relax --mt 2 -L xil_defaultlib -L unisims_ver -L unimacro_ver -L secureip -L xpm --snapshot VGA_tb_behav xil_defaultlib.VGA_tb xil_defaultlib.glbl -log elaborate.log 
Using 2 slave threads.
Starting static elaboration
Pass Through NonSizing Optimizer
Completed static elaboration
Starting simulation data flow analysis
Completed simulation data flow analysis
Time Resolution for simulation is 1ps
Compiling package std.standard
Compiling package std.textio
Compiling package ieee.std_logic_1164
Compiling package ieee.numeric_std
Compiling module xil_defaultlib.glbl
Compiling architecture counter_basen_arch of entity xil_defaultlib.counter_baseN [\counter_baseN(g_base=800,g_bits...]
Compiling architecture counter_basen_arch of entity xil_defaultlib.counter_baseN [\counter_baseN(g_base=525,g_bits...]
Compiling architecture synch_blank_arch of entity xil_defaultlib.synch_blank [synch_blank_default]
Compiling architecture scopeface_arch of entity xil_defaultlib.scopeFace [scopeface_default]
Compiling architecture vga_arch of entity xil_defaultlib.VGA [vga_default]
Compiling architecture test_bench of entity xil_defaultlib.vga_tb
Built simulation snapshot VGA_tb_behav
run_program: Time (s): cpu = 00:00:00 ; elapsed = 00:00:08 . Memory (MB): peak = 1247.062 ; gain = 0.000
INFO: [USF-XSim-69] 'elaborate' step finished in '8' seconds
INFO: [USF-XSim-4] XSim::Simulate design
INFO: [USF-XSim-61] Executing 'SIMULATE' step in 'C:/Users/Dustin.Mock/code/ece383/Lab1/ece383_lab1.sim/sim_1/behav/xsim'
INFO: [USF-XSim-98] *** Running xsim
   with args "VGA_tb_behav -key {Behavioral:sim_1:Functional:VGA_tb} -tclbatch {VGA_tb.tcl} -log {simulate.log}"
INFO: [USF-XSim-8] Loading simulator feature
Time resolution is 1 ps
source VGA_tb.tcl
# set curr_wave [current_wave_config]
# if { [string length $curr_wave] == 0 } {
#   if { [llength [get_objects]] > 0} {
#     add_wave /
#     set_property needs_save false [current_wave_config]
#   } else {
#      send_msg_id Add_Wave-1 WARNING "No top level signals found. Simulator will start without a wave window. If you want to open a wave window go to 'File->New Waveform Configuration' or type 'create_wave_config' in the TCL console."
#   }
# }
# run 1000ns
xsim: Time (s): cpu = 00:00:01 ; elapsed = 00:00:05 . Memory (MB): peak = 1275.320 ; gain = 28.113
INFO: [USF-XSim-96] XSim completed. Design snapshot 'VGA_tb_behav' loaded.
INFO: [USF-XSim-97] XSim simulation ran for 1000ns
launch_simulation: Time (s): cpu = 00:00:02 ; elapsed = 00:00:26 . Memory (MB): peak = 1275.320 ; gain = 29.355
WARNING: [filemgmt 56-199] Attempt to get parsing info during refresh. "On-the-fly" syntax checking information may be incorrect. [C:\Users\Dustin.Mock\code\ece383\Lab1\ece383_lab1.srcs\sources_1\new\VGA.vhd:]
WARNING: [filemgmt 56-199] Attempt to get parsing info during refresh. "On-the-fly" syntax checking information may be incorrect. [C:\Users\Dustin.Mock\code\ece383\Lab1\ece383_lab1.srcs\sources_1\new\debounce_fsm.vhd:]
WARNING: [filemgmt 56-199] Attempt to get parsing info during refresh. "On-the-fly" syntax checking information may be incorrect. [C:\Users\Dustin.Mock\code\ece383\Lab1\ece383_lab1.srcs\sources_1\imports\Lab01_cadet_code\lab1.vhdl:]
WARNING: [filemgmt 56-199] Attempt to get parsing info during refresh. "On-the-fly" syntax checking information may be incorrect. [C:\Users\Dustin.Mock\code\ece383\Lab1\ece383_lab1.srcs\sources_1\imports\Lab01_cadet_code\video.vhdl:]
WARNING: [filemgmt 56-199] Attempt to get parsing info during refresh. "On-the-fly" syntax checking information may be incorrect. [C:\Users\Dustin.Mock\code\ece383\Lab1\ece383_lab1.srcs\sources_1\new\synch_blank.vhd:]
WARNING: [filemgmt 56-199] Attempt to get parsing info during refresh. "On-the-fly" syntax checking information may be incorrect. [C:\Users\Dustin.Mock\code\ece383\Lab1\ece383_lab1.srcs\sources_1\new\scopeFace.vhd:]
WARNING: [filemgmt 56-199] Attempt to get parsing info during refresh. "On-the-fly" syntax checking information may be incorrect. [C:\Users\Dustin.Mock\code\ece383\Lab1\ece383_lab1.srcs\sources_1\new\counter_baseN.vhd:]
WARNING: [filemgmt 56-199] Attempt to get parsing info during refresh. "On-the-fly" syntax checking information may be incorrect. [C:\Users\Dustin.Mock\code\ece383\Lab1\ece383_lab1.srcs\sources_1\new\counter_baseN.vhd:]
WARNING: [filemgmt 56-199] Attempt to get parsing info during refresh. "On-the-fly" syntax checking information may be incorrect. [C:\Users\Dustin.Mock\code\ece383\Lab1\ece383_lab1.srcs\sources_1\new\counter_baseN.vhd:]
WARNING: [filemgmt 56-199] Attempt to get parsing info during refresh. "On-the-fly" syntax checking information may be incorrect. [C:\Users\Dustin.Mock\code\ece383\Lab1\ece383_lab1.srcs\sources_1\new\VGA.vhd:]
WARNING: [filemgmt 56-199] Attempt to get parsing info during refresh. "On-the-fly" syntax checking information may be incorrect. [C:\Users\Dustin.Mock\code\ece383\Lab1\ece383_lab1.srcs\sources_1\new\debounce_fsm.vhd:]
WARNING: [filemgmt 56-199] Attempt to get parsing info during refresh. "On-the-fly" syntax checking information may be incorrect. [C:\Users\Dustin.Mock\code\ece383\Lab1\ece383_lab1.srcs\sources_1\imports\Lab01_cadet_code\lab1.vhdl:]
WARNING: [filemgmt 56-199] Attempt to get parsing info during refresh. "On-the-fly" syntax checking information may be incorrect. [C:\Users\Dustin.Mock\code\ece383\Lab1\ece383_lab1.srcs\sources_1\imports\Lab01_cadet_code\video.vhdl:]
WARNING: [filemgmt 56-199] Attempt to get parsing info during refresh. "On-the-fly" syntax checking information may be incorrect. [C:\Users\Dustin.Mock\code\ece383\Lab1\ece383_lab1.srcs\sources_1\new\synch_blank.vhd:]
WARNING: [filemgmt 56-199] Attempt to get parsing info during refresh. "On-the-fly" syntax checking information may be incorrect. [C:\Users\Dustin.Mock\code\ece383\Lab1\ece383_lab1.srcs\sources_1\new\scopeFace.vhd:]
WARNING: [filemgmt 56-199] Attempt to get parsing info during refresh. "On-the-fly" syntax checking information may be incorrect. [C:\Users\Dustin.Mock\code\ece383\Lab1\ece383_lab1.srcs\sources_1\new\counter_baseN.vhd:]
WARNING: [filemgmt 56-199] Attempt to get parsing info during refresh. "On-the-fly" syntax checking information may be incorrect. [C:\Users\Dustin.Mock\code\ece383\Lab1\ece383_lab1.srcs\sources_1\imports\Lab01_cadet_code\lab1.vhdl:]
WARNING: [filemgmt 56-199] Attempt to get parsing info during refresh. "On-the-fly" syntax checking information may be incorrect. [C:\Users\Dustin.Mock\code\ece383\Lab1\ece383_lab1.srcs\sources_1\imports\Lab01_cadet_code\lab1.vhdl:]
WARNING: [filemgmt 56-199] Attempt to get parsing info during refresh. "On-the-fly" syntax checking information may be incorrect. [C:\Users\Dustin.Mock\code\ece383\Lab1\ece383_lab1.srcs\sources_1\new\VGA.vhd:]
WARNING: [filemgmt 56-199] Attempt to get parsing info during refresh. "On-the-fly" syntax checking information may be incorrect. [C:\Users\Dustin.Mock\code\ece383\Lab1\ece383_lab1.srcs\sources_1\new\debounce_fsm.vhd:]
WARNING: [filemgmt 56-199] Attempt to get parsing info during refresh. "On-the-fly" syntax checking information may be incorrect. [C:\Users\Dustin.Mock\code\ece383\Lab1\ece383_lab1.srcs\sources_1\imports\Lab01_cadet_code\lab1.vhdl:]
WARNING: [filemgmt 56-199] Attempt to get parsing info during refresh. "On-the-fly" syntax checking information may be incorrect. [C:\Users\Dustin.Mock\code\ece383\Lab1\ece383_lab1.srcs\sources_1\imports\Lab01_cadet_code\video.vhdl:]
WARNING: [filemgmt 56-199] Attempt to get parsing info during refresh. "On-the-fly" syntax checking information may be incorrect. [C:\Users\Dustin.Mock\code\ece383\Lab1\ece383_lab1.srcs\sources_1\new\synch_blank.vhd:]
WARNING: [filemgmt 56-199] Attempt to get parsing info during refresh. "On-the-fly" syntax checking information may be incorrect. [C:\Users\Dustin.Mock\code\ece383\Lab1\ece383_lab1.srcs\sources_1\new\scopeFace.vhd:]
WARNING: [filemgmt 56-199] Attempt to get parsing info during refresh. "On-the-fly" syntax checking information may be incorrect. [C:\Users\Dustin.Mock\code\ece383\Lab1\ece383_lab1.srcs\sources_1\new\counter_baseN.vhd:]
WARNING: [filemgmt 56-199] Attempt to get parsing info during refresh. "On-the-fly" syntax checking information may be incorrect. [C:\Users\Dustin.Mock\code\ece383\Lab1\ece383_lab1.srcs\sources_1\imports\Lab01_cadet_code\video.vhdl:]
WARNING: [filemgmt 56-199] Attempt to get parsing info during refresh. "On-the-fly" syntax checking information may be incorrect. [C:\Users\Dustin.Mock\code\ece383\Lab1\ece383_lab1.srcs\sources_1\imports\Lab01_cadet_code\video.vhdl:]
close_sim
INFO: [Simtcl 6-16] Simulation closed
launch_simulation
Command: launch_simulation 
INFO: [Vivado 12-12493] Simulation top is 'VGA_tb'
WARNING: [Vivado 12-13340] Unable to auto find GCC executables from simulator install path! (path not set)
INFO: [Vivado 12-5698] Checking validity of IPs in the design for the 'XSim' simulator...
INFO: [Vivado 12-5682] Launching behavioral simulation in 'C:/Users/Dustin.Mock/code/ece383/Lab1/ece383_lab1.sim/sim_1/behav/xsim'
INFO: [Vivado 12-4795] Using compiled simulation libraries for IPs
INFO: [SIM-utils-51] Simulation object is 'sim_1'
INFO: [SIM-utils-72] Using boost library from 'C:/Xilinx/Vivado/2024.2/tps/boost_1_72_0'
INFO: [USF-XSim-7] Finding pre-compiled libraries...
INFO: [USF-XSim-11] File 'C:/Xilinx/Vivado/2024.2/data/xsim/xsim.ini' copied to run dir:'C:/Users/Dustin.Mock/code/ece383/Lab1/ece383_lab1.sim/sim_1/behav/xsim'
INFO: [SIM-utils-54] Inspecting design source files for 'VGA_tb' in fileset 'sim_1'...
INFO: [USF-XSim-97] Finding global include files...
WARNING: [filemgmt 56-199] Attempt to get parsing info during refresh. "On-the-fly" syntax checking information may be incorrect. [C:\Users\Dustin.Mock\code\ece383\Lab1\ece383_lab1.srcs\sources_1\new\VGA.vhd:]
WARNING: [filemgmt 56-199] Attempt to get parsing info during refresh. "On-the-fly" syntax checking information may be incorrect. [C:\Users\Dustin.Mock\code\ece383\Lab1\ece383_lab1.srcs\sources_1\new\debounce_fsm.vhd:]
WARNING: [filemgmt 56-199] Attempt to get parsing info during refresh. "On-the-fly" syntax checking information may be incorrect. [C:\Users\Dustin.Mock\code\ece383\Lab1\ece383_lab1.srcs\sources_1\imports\Lab01_cadet_code\lab1.vhdl:]
WARNING: [filemgmt 56-199] Attempt to get parsing info during refresh. "On-the-fly" syntax checking information may be incorrect. [C:\Users\Dustin.Mock\code\ece383\Lab1\ece383_lab1.srcs\sources_1\imports\Lab01_cadet_code\video.vhdl:]
WARNING: [filemgmt 56-199] Attempt to get parsing info during refresh. "On-the-fly" syntax checking information may be incorrect. [C:\Users\Dustin.Mock\code\ece383\Lab1\ece383_lab1.srcs\sources_1\new\synch_blank.vhd:]
WARNING: [filemgmt 56-199] Attempt to get parsing info during refresh. "On-the-fly" syntax checking information may be incorrect. [C:\Users\Dustin.Mock\code\ece383\Lab1\ece383_lab1.srcs\sources_1\new\scopeFace.vhd:]
WARNING: [filemgmt 56-199] Attempt to get parsing info during refresh. "On-the-fly" syntax checking information may be incorrect. [C:\Users\Dustin.Mock\code\ece383\Lab1\ece383_lab1.srcs\sources_1\new\counter_baseN.vhd:]
WARNING: [filemgmt 56-199] Attempt to get parsing info during refresh. "On-the-fly" syntax checking information may be incorrect. [C:\Users\Dustin.Mock\code\ece383\Lab1\ece383_lab1.srcs\sources_1\new\scopeFace.vhd:]
WARNING: [filemgmt 56-199] Attempt to get parsing info during refresh. "On-the-fly" syntax checking information may be incorrect. [C:\Users\Dustin.Mock\code\ece383\Lab1\ece383_lab1.srcs\sources_1\new\scopeFace.vhd:]
INFO: [USF-XSim-98] Fetching design files from 'sim_1'...
INFO: [USF-XSim-2] XSim::Compile design
INFO: [USF-XSim-61] Executing 'COMPILE and ANALYZE' step in 'C:/Users/Dustin.Mock/code/ece383/Lab1/ece383_lab1.sim/sim_1/behav/xsim'
"xvlog --incr --relax -prj VGA_tb_vlog.prj"
"xvhdl --incr --relax -prj VGA_tb_vhdl.prj"
INFO: [VRFC 10-163] Analyzing VHDL file "C:/Users/Dustin.Mock/code/ece383/Lab1/ece383_lab1.srcs/sources_1/new/VGA.vhd" into library xil_defaultlib
INFO: [VRFC 10-3107] analyzing entity 'VGA'
run_program: Time (s): cpu = 00:00:00 ; elapsed = 00:00:05 . Memory (MB): peak = 1324.414 ; gain = 0.000
INFO: [USF-XSim-69] 'compile' step finished in '5' seconds
INFO: [USF-XSim-3] XSim::Elaborate design
INFO: [USF-XSim-61] Executing 'ELABORATE' step in 'C:/Users/Dustin.Mock/code/ece383/Lab1/ece383_lab1.sim/sim_1/behav/xsim'
"xelab --incr --debug typical --relax --mt 2 -L xil_defaultlib -L unisims_ver -L unimacro_ver -L secureip -L xpm --snapshot VGA_tb_behav xil_defaultlib.VGA_tb xil_defaultlib.glbl -log elaborate.log"
Vivado Simulator v2024.2.0
Copyright 1986-2022 Xilinx, Inc. All Rights Reserved.
Copyright 2022-2024 Advanced Micro Devices, Inc. All Rights Reserved.
Running: C:/Xilinx/Vivado/2024.2/bin/unwrapped/win64.o/xelab.exe --incr --debug typical --relax --mt 2 -L xil_defaultlib -L unisims_ver -L unimacro_ver -L secureip -L xpm --snapshot VGA_tb_behav xil_defaultlib.VGA_tb xil_defaultlib.glbl -log elaborate.log 
Using 2 slave threads.
Starting static elaboration
Pass Through NonSizing Optimizer
Completed static elaboration
Starting simulation data flow analysis
Completed simulation data flow analysis
Time Resolution for simulation is 1ps
Compiling package std.standard
Compiling package std.textio
Compiling package ieee.std_logic_1164
Compiling package ieee.numeric_std
Compiling module xil_defaultlib.glbl
Compiling architecture counter_basen_arch of entity xil_defaultlib.counter_baseN [\counter_baseN(g_base=800,g_bits...]
Compiling architecture counter_basen_arch of entity xil_defaultlib.counter_baseN [\counter_baseN(g_base=525,g_bits...]
Compiling architecture synch_blank_arch of entity xil_defaultlib.synch_blank [synch_blank_default]
Compiling architecture scopeface_arch of entity xil_defaultlib.scopeFace [scopeface_default]
Compiling architecture vga_arch of entity xil_defaultlib.VGA [vga_default]
Compiling architecture test_bench of entity xil_defaultlib.vga_tb
Built simulation snapshot VGA_tb_behav
INFO: [USF-XSim-69] 'elaborate' step finished in '3' seconds
INFO: [USF-XSim-4] XSim::Simulate design
INFO: [USF-XSim-61] Executing 'SIMULATE' step in 'C:/Users/Dustin.Mock/code/ece383/Lab1/ece383_lab1.sim/sim_1/behav/xsim'
INFO: [USF-XSim-98] *** Running xsim
   with args "VGA_tb_behav -key {Behavioral:sim_1:Functional:VGA_tb} -tclbatch {VGA_tb.tcl} -log {simulate.log}"
INFO: [USF-XSim-8] Loading simulator feature
Time resolution is 1 ps
source VGA_tb.tcl
# set curr_wave [current_wave_config]
# if { [string length $curr_wave] == 0 } {
#   if { [llength [get_objects]] > 0} {
#     add_wave /
#     set_property needs_save false [current_wave_config]
#   } else {
#      send_msg_id Add_Wave-1 WARNING "No top level signals found. Simulator will start without a wave window. If you want to open a wave window go to 'File->New Waveform Configuration' or type 'create_wave_config' in the TCL console."
#   }
# }
# run 1000ns
INFO: [USF-XSim-96] XSim completed. Design snapshot 'VGA_tb_behav' loaded.
INFO: [USF-XSim-97] XSim simulation ran for 1000ns
launch_simulation: Time (s): cpu = 00:00:09 ; elapsed = 00:00:14 . Memory (MB): peak = 1324.414 ; gain = 0.000
ERROR: [Labtoolstcl 44-513] HW Target shutdown. Closing target: localhost:3121/xilinx_tcf/Digilent/210276AEF70AB
The simulator has terminated in an unexpected manner with exit code 1073807364.  Please review the simulation log (xsim.log) for details.
ERROR: [Labtoolstcl 44-695] HW Server shut down, disconnecting from server: localhost:3121
