#-----------------------------------------------------------
# Vivado v2024.2 (64-bit)
# SW Build 5239630 on Fri Nov 08 22:35:27 MST 2024
# IP Build 5239520 on Sun Nov 10 16:12:51 MST 2024
# SharedData Build 5239561 on Fri Nov 08 14:39:27 MST 2024
# Start of session at: Fri Aug 15 15:20:03 2025
# Process ID         : 23984
# Current directory  : C:/Users/Dustin.Mock/code/ece383-eadaa713c3e5065b652eb90ba7d57234c0d53428/ece383-eadaa713c3e5065b652eb90ba7d57234c0d53428/Lab2
# Command line       : vivado.exe -gui_launcher_event rodinguilauncherevent25952 C:\Users\Dustin.Mock\code\ece383-eadaa713c3e5065b652eb90ba7d57234c0d53428\ece383-eadaa713c3e5065b652eb90ba7d57234c0d53428\Lab2\Lab2.xpr
# Log file           : C:/Users/Dustin.Mock/code/ece383-eadaa713c3e5065b652eb90ba7d57234c0d53428/ece383-eadaa713c3e5065b652eb90ba7d57234c0d53428/Lab2/vivado.log
# Journal file       : C:/Users/Dustin.Mock/code/ece383-eadaa713c3e5065b652eb90ba7d57234c0d53428/ece383-eadaa713c3e5065b652eb90ba7d57234c0d53428/Lab2\vivado.jou
# Running On         : C26-5CG2151GFM
# Platform           : Windows Server 2016 or Windows 10
# Operating System   : 22631
# Processor Detail   : 11th Gen Intel(R) Core(TM) i7-1165G7 @ 2.80GHz
# CPU Frequency      : 2803 MHz
# CPU Physical cores : 4
# CPU Logical cores  : 8
# Host memory        : 16374 MB
# Swap memory        : 13958 MB
# Total Virtual      : 30333 MB
# Available Virtual  : 6990 MB
#-----------------------------------------------------------
start_gui
open_project C:/Users/Dustin.Mock/code/ece383-eadaa713c3e5065b652eb90ba7d57234c0d53428/ece383-eadaa713c3e5065b652eb90ba7d57234c0d53428/Lab2/Lab2.xpr
INFO: [ProjectBase 1-489] The host OS only allows 260 characters in a normal path. The project is stored in a path with more than 80 characters. If you experience issues with IP, Block Designs, or files not being found, please consider moving the project to a location with a shorter path. Alternately consider using the OS subst command to map part of the path to a drive letter.
Current project path is 'C:/Users/Dustin.Mock/code/ece383-eadaa713c3e5065b652eb90ba7d57234c0d53428/ece383-eadaa713c3e5065b652eb90ba7d57234c0d53428/Lab2'
INFO: [Project 1-313] Project file moved from 'C:/Users/Grantham.Zimmerman/Desktop/ece383/Lab2' since last save.
Scanning sources...
Finished scanning sources
INFO: [IP_Flow 19-234] Refreshing IP repositories
INFO: [IP_Flow 19-1704] No user IP repositories specified
INFO: [IP_Flow 19-2313] Loaded Vivado IP repository 'C:/Xilinx/Vivado/2024.2/data/ip'.
open_project: Time (s): cpu = 00:00:21 ; elapsed = 00:00:11 . Memory (MB): peak = 1121.547 ; gain = 82.410
update_compile_order -fileset sources_1
export_ip_user_files -of_objects  [get_files C:/Users/Dustin.Mock/code/ece383-eadaa713c3e5065b652eb90ba7d57234c0d53428/ece383-eadaa713c3e5065b652eb90ba7d57234c0d53428/Lab2/Lab2.srcs/sources_1/imports/ece383-lab1.srcs/sources_1/new/VGA.vhd] -no_script -reset -force -quiet
remove_files  C:/Users/Dustin.Mock/code/ece383-eadaa713c3e5065b652eb90ba7d57234c0d53428/ece383-eadaa713c3e5065b652eb90ba7d57234c0d53428/Lab2/Lab2.srcs/sources_1/imports/ece383-lab1.srcs/sources_1/new/VGA.vhd
file delete -force C:/Users/Dustin.Mock/code/ece383-eadaa713c3e5065b652eb90ba7d57234c0d53428/ece383-eadaa713c3e5065b652eb90ba7d57234c0d53428/Lab2/Lab2.srcs/sources_1/imports/ece383-lab1.srcs/sources_1/new/VGA.vhd
update_compile_order -fileset sources_1
export_ip_user_files -of_objects  [get_files C:/Users/Dustin.Mock/code/ece383-eadaa713c3e5065b652eb90ba7d57234c0d53428/ece383-eadaa713c3e5065b652eb90ba7d57234c0d53428/Lab2/Lab2.srcs/sources_1/imports/ece383-lab1.srcs/sources_1/imports/lab1_cadet_code/video.vhdl] -no_script -reset -force -quiet
remove_files  C:/Users/Dustin.Mock/code/ece383-eadaa713c3e5065b652eb90ba7d57234c0d53428/ece383-eadaa713c3e5065b652eb90ba7d57234c0d53428/Lab2/Lab2.srcs/sources_1/imports/ece383-lab1.srcs/sources_1/imports/lab1_cadet_code/video.vhdl
file delete -force C:/Users/Dustin.Mock/code/ece383-eadaa713c3e5065b652eb90ba7d57234c0d53428/ece383-eadaa713c3e5065b652eb90ba7d57234c0d53428/Lab2/Lab2.srcs/sources_1/imports/ece383-lab1.srcs/sources_1/imports/lab1_cadet_code/video.vhdl
update_compile_order -fileset sources_1
import_files -norecurse C:/Users/Dustin.Mock/code/ece383/Lab2/Lab2.srcs/sources_1/imports/Lab01_cadet_code/video.vhdl
update_compile_order -fileset sources_1
export_ip_user_files -of_objects  [get_files C:/Users/Dustin.Mock/code/ece383-eadaa713c3e5065b652eb90ba7d57234c0d53428/ece383-eadaa713c3e5065b652eb90ba7d57234c0d53428/Lab2/Lab2.srcs/sources_1/new/Triggered.vhd] -no_script -reset -force -quiet
export_ip_user_files -of_objects  [get_files C:/Users/Dustin.Mock/code/ece383-eadaa713c3e5065b652eb90ba7d57234c0d53428/ece383-eadaa713c3e5065b652eb90ba7d57234c0d53428/Lab2/Lab2.srcs/sources_1/imports/ece383-lab1.srcs/sources_1/imports/new/counter1.vhd] -no_script -reset -force -quiet
remove_files  {C:/Users/Dustin.Mock/code/ece383-eadaa713c3e5065b652eb90ba7d57234c0d53428/ece383-eadaa713c3e5065b652eb90ba7d57234c0d53428/Lab2/Lab2.srcs/sources_1/new/Triggered.vhd C:/Users/Dustin.Mock/code/ece383-eadaa713c3e5065b652eb90ba7d57234c0d53428/ece383-eadaa713c3e5065b652eb90ba7d57234c0d53428/Lab2/Lab2.srcs/sources_1/imports/ece383-lab1.srcs/sources_1/imports/new/counter1.vhd}
file delete -force C:/Users/Dustin.Mock/code/ece383-eadaa713c3e5065b652eb90ba7d57234c0d53428/ece383-eadaa713c3e5065b652eb90ba7d57234c0d53428/Lab2/Lab2.srcs/sources_1/new/Triggered.vhd C:/Users/Dustin.Mock/code/ece383-eadaa713c3e5065b652eb90ba7d57234c0d53428/ece383-eadaa713c3e5065b652eb90ba7d57234c0d53428/Lab2/Lab2.srcs/sources_1/imports/ece383-lab1.srcs/sources_1/imports/new/counter1.vhd
export_ip_user_files -of_objects  [get_files C:/Users/Dustin.Mock/code/ece383-eadaa713c3e5065b652eb90ba7d57234c0d53428/ece383-eadaa713c3e5065b652eb90ba7d57234c0d53428/Lab2/Lab2.srcs/sources_1/imports/new/synchronize.vhd] -no_script -reset -force -quiet
remove_files  C:/Users/Dustin.Mock/code/ece383-eadaa713c3e5065b652eb90ba7d57234c0d53428/ece383-eadaa713c3e5065b652eb90ba7d57234c0d53428/Lab2/Lab2.srcs/sources_1/imports/new/synchronize.vhd
file delete -force C:/Users/Dustin.Mock/code/ece383-eadaa713c3e5065b652eb90ba7d57234c0d53428/ece383-eadaa713c3e5065b652eb90ba7d57234c0d53428/Lab2/Lab2.srcs/sources_1/imports/new/synchronize.vhd
import_files -norecurse C:/Users/Dustin.Mock/code/ece383/Lab2/Lab2.srcs/sources_1/imports/new/VGA.vhd
update_compile_order -fileset sources_1
import_files -norecurse {C:/Users/Dustin.Mock/code/ece383/Lab2/Lab2.srcs/sources_1/imports/new/counter_baseN.vhd C:/Users/Dustin.Mock/code/ece383/Lab2/Lab2.srcs/sources_1/imports/new/synch_blank.vhd}
update_compile_order -fileset sources_1
reset_run synth_1
INFO: [Project 1-1161] Replacing file C:/Users/Dustin.Mock/code/ece383-eadaa713c3e5065b652eb90ba7d57234c0d53428/ece383-eadaa713c3e5065b652eb90ba7d57234c0d53428/Lab2/Lab2.srcs/utils_1/imports/synth_1/lab2.dcp with file C:/Users/Dustin.Mock/code/ece383-eadaa713c3e5065b652eb90ba7d57234c0d53428/ece383-eadaa713c3e5065b652eb90ba7d57234c0d53428/Lab2/Lab2.runs/synth_1/lab2.dcp
launch_runs impl_1 -to_step write_bitstream -jobs 4
[Fri Aug 15 15:25:22 2025] Launched synth_1...
Run output will be captured here: C:/Users/Dustin.Mock/code/ece383-eadaa713c3e5065b652eb90ba7d57234c0d53428/ece383-eadaa713c3e5065b652eb90ba7d57234c0d53428/Lab2/Lab2.runs/synth_1/runme.log
[Fri Aug 15 15:25:22 2025] Launched impl_1...
Run output will be captured here: C:/Users/Dustin.Mock/code/ece383-eadaa713c3e5065b652eb90ba7d57234c0d53428/ece383-eadaa713c3e5065b652eb90ba7d57234c0d53428/Lab2/Lab2.runs/impl_1/runme.log
export_ip_user_files -of_objects  [get_files C:/Users/Dustin.Mock/code/ece383-eadaa713c3e5065b652eb90ba7d57234c0d53428/ece383-eadaa713c3e5065b652eb90ba7d57234c0d53428/Lab2/Lab2.srcs/sources_1/imports/ece383-lab1.srcs/sources_1/imports/lab1_cadet_code/scopeface.vhd] -no_script -reset -force -quiet
remove_files  C:/Users/Dustin.Mock/code/ece383-eadaa713c3e5065b652eb90ba7d57234c0d53428/ece383-eadaa713c3e5065b652eb90ba7d57234c0d53428/Lab2/Lab2.srcs/sources_1/imports/ece383-lab1.srcs/sources_1/imports/lab1_cadet_code/scopeface.vhd
file delete -force C:/Users/Dustin.Mock/code/ece383-eadaa713c3e5065b652eb90ba7d57234c0d53428/ece383-eadaa713c3e5065b652eb90ba7d57234c0d53428/Lab2/Lab2.srcs/sources_1/imports/ece383-lab1.srcs/sources_1/imports/lab1_cadet_code/scopeface.vhd
import_files -norecurse C:/Users/Dustin.Mock/code/ece383/Lab2/Lab2.srcs/sources_1/imports/new/scopeFace.vhd
update_compile_order -fileset sources_1
reset_run synth_1
launch_runs impl_1 -to_step write_bitstream -jobs 4
[Fri Aug 15 15:27:43 2025] Launched synth_1...
Run output will be captured here: C:/Users/Dustin.Mock/code/ece383-eadaa713c3e5065b652eb90ba7d57234c0d53428/ece383-eadaa713c3e5065b652eb90ba7d57234c0d53428/Lab2/Lab2.runs/synth_1/runme.log
[Fri Aug 15 15:27:43 2025] Launched impl_1...
Run output will be captured here: C:/Users/Dustin.Mock/code/ece383-eadaa713c3e5065b652eb90ba7d57234c0d53428/ece383-eadaa713c3e5065b652eb90ba7d57234c0d53428/Lab2/Lab2.runs/impl_1/runme.log
WARNING: [filemgmt 56-199] Attempt to get parsing info during refresh. "On-the-fly" syntax checking information may be incorrect. [C:\Users\Dustin.Mock\code\ece383-eadaa713c3e5065b652eb90ba7d57234c0d53428\ece383-eadaa713c3e5065b652eb90ba7d57234c0d53428\Lab2\Lab2.srcs\sources_1\imports\new\scopeFace.vhd:]
WARNING: [filemgmt 56-199] Attempt to get parsing info during refresh. "On-the-fly" syntax checking information may be incorrect. [C:\Users\Dustin.Mock\code\ece383-eadaa713c3e5065b652eb90ba7d57234c0d53428\ece383-eadaa713c3e5065b652eb90ba7d57234c0d53428\Lab2\Lab2.srcs\sources_1\imports\lab2_code_for_cadets\lab2_datapath.vhdl:]
WARNING: [filemgmt 56-199] Attempt to get parsing info during refresh. "On-the-fly" syntax checking information may be incorrect. [C:\Users\Dustin.Mock\code\ece383-eadaa713c3e5065b652eb90ba7d57234c0d53428\ece383-eadaa713c3e5065b652eb90ba7d57234c0d53428\Lab2\Lab2.srcs\sources_1\imports\ece383-lab1.srcs\sources_1\imports\lab1_cadet_code\scopeface.vhd:]
WARNING: [filemgmt 56-199] Attempt to get parsing info during refresh. "On-the-fly" syntax checking information may be incorrect. [C:\Users\Dustin.Mock\code\ece383-eadaa713c3e5065b652eb90ba7d57234c0d53428\ece383-eadaa713c3e5065b652eb90ba7d57234c0d53428\Lab2\Lab2.srcs\sources_1\imports\lab2_code_for_cadets\lab2_datapath.vhdl:]
WARNING: [filemgmt 56-199] Attempt to get parsing info during refresh. "On-the-fly" syntax checking information may be incorrect. [C:\Users\Dustin.Mock\code\ece383-eadaa713c3e5065b652eb90ba7d57234c0d53428\ece383-eadaa713c3e5065b652eb90ba7d57234c0d53428\Lab2\Lab2.srcs\sources_1\imports\lab2_code_for_cadets\lab2_datapath.vhdl:]
ERROR: [Common 17-180] Spawn failed: No such file or directory
WARNING: [filemgmt 56-199] Attempt to get parsing info during refresh. "On-the-fly" syntax checking information may be incorrect. [C:\Users\Dustin.Mock\code\ece383-eadaa713c3e5065b652eb90ba7d57234c0d53428\ece383-eadaa713c3e5065b652eb90ba7d57234c0d53428\Lab2\Lab2.srcs\sources_1\imports\new\scopeFace.vhd:]
WARNING: [filemgmt 56-199] Attempt to get parsing info during refresh. "On-the-fly" syntax checking information may be incorrect. [C:\Users\Dustin.Mock\code\ece383-eadaa713c3e5065b652eb90ba7d57234c0d53428\ece383-eadaa713c3e5065b652eb90ba7d57234c0d53428\Lab2\Lab2.srcs\sources_1\imports\lab2_code_for_cadets\lab2_datapath.vhdl:]
WARNING: [filemgmt 56-199] Attempt to get parsing info during refresh. "On-the-fly" syntax checking information may be incorrect. [C:\Users\Dustin.Mock\code\ece383-eadaa713c3e5065b652eb90ba7d57234c0d53428\ece383-eadaa713c3e5065b652eb90ba7d57234c0d53428\Lab2\Lab2.srcs\sources_1\imports\ece383-lab1.srcs\sources_1\imports\lab1_cadet_code\scopeface.vhd:]
WARNING: [filemgmt 56-199] Attempt to get parsing info during refresh. "On-the-fly" syntax checking information may be incorrect. [C:\Users\Dustin.Mock\code\ece383-eadaa713c3e5065b652eb90ba7d57234c0d53428\ece383-eadaa713c3e5065b652eb90ba7d57234c0d53428\Lab2\Lab2.srcs\sources_1\imports\lab2_code_for_cadets\lab2_datapath.vhdl:]
WARNING: [filemgmt 56-199] Attempt to get parsing info during refresh. "On-the-fly" syntax checking information may be incorrect. [C:\Users\Dustin.Mock\code\ece383-eadaa713c3e5065b652eb90ba7d57234c0d53428\ece383-eadaa713c3e5065b652eb90ba7d57234c0d53428\Lab2\Lab2.srcs\sources_1\imports\lab2_code_for_cadets\lab2_datapath.vhdl:]
ERROR: [Common 17-180] Spawn failed: No such file or directory
reset_run synth_1
INFO: [Project 1-1161] Replacing file C:/Users/Dustin.Mock/code/ece383-eadaa713c3e5065b652eb90ba7d57234c0d53428/ece383-eadaa713c3e5065b652eb90ba7d57234c0d53428/Lab2/Lab2.srcs/utils_1/imports/synth_1/lab2.dcp with file C:/Users/Dustin.Mock/code/ece383-eadaa713c3e5065b652eb90ba7d57234c0d53428/ece383-eadaa713c3e5065b652eb90ba7d57234c0d53428/Lab2/Lab2.runs/synth_1/lab2.dcp
launch_runs impl_1 -to_step write_bitstream -jobs 4
WARNING: [filemgmt 56-199] Attempt to get parsing info during refresh. "On-the-fly" syntax checking information may be incorrect. [C:\Users\Dustin.Mock\code\ece383-eadaa713c3e5065b652eb90ba7d57234c0d53428\ece383-eadaa713c3e5065b652eb90ba7d57234c0d53428\Lab2\Lab2.srcs\sources_1\imports\new\scopeFace.vhd:]
WARNING: [filemgmt 56-199] Attempt to get parsing info during refresh. "On-the-fly" syntax checking information may be incorrect. [C:\Users\Dustin.Mock\code\ece383-eadaa713c3e5065b652eb90ba7d57234c0d53428\ece383-eadaa713c3e5065b652eb90ba7d57234c0d53428\Lab2\Lab2.srcs\sources_1\imports\lab2_code_for_cadets\lab2_datapath.vhdl:]
WARNING: [filemgmt 56-199] Attempt to get parsing info during refresh. "On-the-fly" syntax checking information may be incorrect. [C:\Users\Dustin.Mock\code\ece383-eadaa713c3e5065b652eb90ba7d57234c0d53428\ece383-eadaa713c3e5065b652eb90ba7d57234c0d53428\Lab2\Lab2.srcs\sources_1\imports\ece383-lab1.srcs\sources_1\imports\lab1_cadet_code\scopeface.vhd:]
WARNING: [filemgmt 56-199] Attempt to get parsing info during refresh. "On-the-fly" syntax checking information may be incorrect. [C:\Users\Dustin.Mock\code\ece383-eadaa713c3e5065b652eb90ba7d57234c0d53428\ece383-eadaa713c3e5065b652eb90ba7d57234c0d53428\Lab2\Lab2.srcs\sources_1\imports\lab2_code_for_cadets\lab2_datapath.vhdl:]
WARNING: [filemgmt 56-199] Attempt to get parsing info during refresh. "On-the-fly" syntax checking information may be incorrect. [C:\Users\Dustin.Mock\code\ece383-eadaa713c3e5065b652eb90ba7d57234c0d53428\ece383-eadaa713c3e5065b652eb90ba7d57234c0d53428\Lab2\Lab2.srcs\sources_1\imports\lab2_code_for_cadets\lab2_datapath.vhdl:]
[Fri Aug 15 15:40:09 2025] Launched synth_1...
Run output will be captured here: C:/Users/Dustin.Mock/code/ece383-eadaa713c3e5065b652eb90ba7d57234c0d53428/ece383-eadaa713c3e5065b652eb90ba7d57234c0d53428/Lab2/Lab2.runs/synth_1/runme.log
[Fri Aug 15 15:40:10 2025] Launched impl_1...
Run output will be captured here: C:/Users/Dustin.Mock/code/ece383-eadaa713c3e5065b652eb90ba7d57234c0d53428/ece383-eadaa713c3e5065b652eb90ba7d57234c0d53428/Lab2/Lab2.runs/impl_1/runme.log
ERROR: [Common 17-180] Spawn failed: No such file or directory
open_hw_manager
connect_hw_server -allow_non_jtag
INFO: [Labtools 27-2285] Connecting to hw_server url TCP:localhost:3121
INFO: [Labtools 27-3415] Connecting to cs_server url TCP:localhost:0
INFO: [Labtools 27-3417] Launching cs_server...
INFO: [Labtools 27-2221] Launch Output:


******** Xilinx cs_server v2024.2.0
  ****** Build date   : Oct 30 2024-12:19:07
    **** Build number : 2024.2.1730312347
      ** Copyright 2017-2022 Xilinx, Inc. All Rights Reserved.
      ** Copyright 2022-2025 Advanced Micro Devices, Inc. All Rights Reserved.



connect_hw_server: Time (s): cpu = 00:00:00 ; elapsed = 00:00:08 . Memory (MB): peak = 1188.215 ; gain = 14.984
open_hw_target
INFO: [Labtoolstcl 44-466] Opening hw_target localhost:3121/xilinx_tcf/Digilent/210276AEF707B
set_property PROGRAM.FILE {C:/Users/Dustin.Mock/code/ece383-eadaa713c3e5065b652eb90ba7d57234c0d53428/ece383-eadaa713c3e5065b652eb90ba7d57234c0d53428/Lab2/Lab2.runs/impl_1/lab2.bit} [get_hw_devices xc7a200t_0]
current_hw_device [get_hw_devices xc7a200t_0]
refresh_hw_device -update_hw_probes false [lindex [get_hw_devices xc7a200t_0] 0]
INFO: [Labtools 27-1434] Device xc7a200t (JTAG device index = 0) is programmed with a design that has no supported debug core(s) in it.
set_property PROBES.FILE {} [get_hw_devices xc7a200t_0]
set_property FULL_PROBES.FILE {} [get_hw_devices xc7a200t_0]
set_property PROGRAM.FILE {C:/Users/Dustin.Mock/code/ece383-eadaa713c3e5065b652eb90ba7d57234c0d53428/ece383-eadaa713c3e5065b652eb90ba7d57234c0d53428/Lab2/Lab2.runs/impl_1/lab2.bit} [get_hw_devices xc7a200t_0]
program_hw_devices [get_hw_devices xc7a200t_0]
INFO: [Labtools 27-3164] End of startup status: HIGH
program_hw_devices: Time (s): cpu = 00:00:03 ; elapsed = 00:00:06 . Memory (MB): peak = 1241.645 ; gain = 12.207
refresh_hw_device [lindex [get_hw_devices xc7a200t_0] 0]
INFO: [Labtools 27-1434] Device xc7a200t (JTAG device index = 0) is programmed with a design that has no supported debug core(s) in it.
WARNING: [filemgmt 56-199] Attempt to get parsing info during refresh. "On-the-fly" syntax checking information may be incorrect. [C:\Users\Dustin.Mock\code\ece383-eadaa713c3e5065b652eb90ba7d57234c0d53428\ece383-eadaa713c3e5065b652eb90ba7d57234c0d53428\Lab2\Lab2.srcs\sources_1\imports\new\scopeFace.vhd:]
WARNING: [filemgmt 56-199] Attempt to get parsing info during refresh. "On-the-fly" syntax checking information may be incorrect. [C:\Users\Dustin.Mock\code\ece383-eadaa713c3e5065b652eb90ba7d57234c0d53428\ece383-eadaa713c3e5065b652eb90ba7d57234c0d53428\Lab2\Lab2.srcs\sources_1\imports\lab2_code_for_cadets\lab2_datapath.vhdl:]
WARNING: [filemgmt 56-199] Attempt to get parsing info during refresh. "On-the-fly" syntax checking information may be incorrect. [C:\Users\Dustin.Mock\code\ece383-eadaa713c3e5065b652eb90ba7d57234c0d53428\ece383-eadaa713c3e5065b652eb90ba7d57234c0d53428\Lab2\Lab2.srcs\sources_1\imports\ece383-lab1.srcs\sources_1\imports\lab1_cadet_code\scopeface.vhd:]
WARNING: [filemgmt 56-199] Attempt to get parsing info during refresh. "On-the-fly" syntax checking information may be incorrect. [C:\Users\Dustin.Mock\code\ece383-eadaa713c3e5065b652eb90ba7d57234c0d53428\ece383-eadaa713c3e5065b652eb90ba7d57234c0d53428\Lab2\Lab2.srcs\sources_1\imports\lab2_code_for_cadets\lab2_datapath.vhdl:]
WARNING: [filemgmt 56-199] Attempt to get parsing info during refresh. "On-the-fly" syntax checking information may be incorrect. [C:\Users\Dustin.Mock\code\ece383-eadaa713c3e5065b652eb90ba7d57234c0d53428\ece383-eadaa713c3e5065b652eb90ba7d57234c0d53428\Lab2\Lab2.srcs\sources_1\imports\lab2_code_for_cadets\lab2_datapath.vhdl:]
ERROR: [Common 17-180] Spawn failed: No such file or directory
WARNING: [filemgmt 56-199] Attempt to get parsing info during refresh. "On-the-fly" syntax checking information may be incorrect. [C:\Users\Dustin.Mock\code\ece383-eadaa713c3e5065b652eb90ba7d57234c0d53428\ece383-eadaa713c3e5065b652eb90ba7d57234c0d53428\Lab2\Lab2.srcs\sources_1\imports\new\scopeFace.vhd:]
WARNING: [filemgmt 56-199] Attempt to get parsing info during refresh. "On-the-fly" syntax checking information may be incorrect. [C:\Users\Dustin.Mock\code\ece383-eadaa713c3e5065b652eb90ba7d57234c0d53428\ece383-eadaa713c3e5065b652eb90ba7d57234c0d53428\Lab2\Lab2.srcs\sources_1\imports\lab2_code_for_cadets\lab2_datapath.vhdl:]
WARNING: [filemgmt 56-199] Attempt to get parsing info during refresh. "On-the-fly" syntax checking information may be incorrect. [C:\Users\Dustin.Mock\code\ece383-eadaa713c3e5065b652eb90ba7d57234c0d53428\ece383-eadaa713c3e5065b652eb90ba7d57234c0d53428\Lab2\Lab2.srcs\sources_1\imports\ece383-lab1.srcs\sources_1\imports\lab1_cadet_code\scopeface.vhd:]
WARNING: [filemgmt 56-199] Attempt to get parsing info during refresh. "On-the-fly" syntax checking information may be incorrect. [C:\Users\Dustin.Mock\code\ece383-eadaa713c3e5065b652eb90ba7d57234c0d53428\ece383-eadaa713c3e5065b652eb90ba7d57234c0d53428\Lab2\Lab2.srcs\sources_1\imports\lab2_code_for_cadets\lab2_datapath.vhdl:]
WARNING: [filemgmt 56-199] Attempt to get parsing info during refresh. "On-the-fly" syntax checking information may be incorrect. [C:\Users\Dustin.Mock\code\ece383-eadaa713c3e5065b652eb90ba7d57234c0d53428\ece383-eadaa713c3e5065b652eb90ba7d57234c0d53428\Lab2\Lab2.srcs\sources_1\imports\lab2_code_for_cadets\lab2_datapath.vhdl:]
ERROR: [Common 17-180] Spawn failed: No such file or directory
reset_run synth_1
INFO: [Project 1-1161] Replacing file C:/Users/Dustin.Mock/code/ece383-eadaa713c3e5065b652eb90ba7d57234c0d53428/ece383-eadaa713c3e5065b652eb90ba7d57234c0d53428/Lab2/Lab2.srcs/utils_1/imports/synth_1/lab2.dcp with file C:/Users/Dustin.Mock/code/ece383-eadaa713c3e5065b652eb90ba7d57234c0d53428/ece383-eadaa713c3e5065b652eb90ba7d57234c0d53428/Lab2/Lab2.runs/synth_1/lab2.dcp
launch_runs impl_1 -to_step write_bitstream -jobs 4
WARNING: [filemgmt 56-199] Attempt to get parsing info during refresh. "On-the-fly" syntax checking information may be incorrect. [C:\Users\Dustin.Mock\code\ece383-eadaa713c3e5065b652eb90ba7d57234c0d53428\ece383-eadaa713c3e5065b652eb90ba7d57234c0d53428\Lab2\Lab2.srcs\sources_1\imports\new\scopeFace.vhd:]
WARNING: [filemgmt 56-199] Attempt to get parsing info during refresh. "On-the-fly" syntax checking information may be incorrect. [C:\Users\Dustin.Mock\code\ece383-eadaa713c3e5065b652eb90ba7d57234c0d53428\ece383-eadaa713c3e5065b652eb90ba7d57234c0d53428\Lab2\Lab2.srcs\sources_1\imports\lab2_code_for_cadets\lab2_datapath.vhdl:]
WARNING: [filemgmt 56-199] Attempt to get parsing info during refresh. "On-the-fly" syntax checking information may be incorrect. [C:\Users\Dustin.Mock\code\ece383-eadaa713c3e5065b652eb90ba7d57234c0d53428\ece383-eadaa713c3e5065b652eb90ba7d57234c0d53428\Lab2\Lab2.srcs\sources_1\imports\ece383-lab1.srcs\sources_1\imports\lab1_cadet_code\scopeface.vhd:]
WARNING: [filemgmt 56-199] Attempt to get parsing info during refresh. "On-the-fly" syntax checking information may be incorrect. [C:\Users\Dustin.Mock\code\ece383-eadaa713c3e5065b652eb90ba7d57234c0d53428\ece383-eadaa713c3e5065b652eb90ba7d57234c0d53428\Lab2\Lab2.srcs\sources_1\imports\lab2_code_for_cadets\lab2_datapath.vhdl:]
WARNING: [filemgmt 56-199] Attempt to get parsing info during refresh. "On-the-fly" syntax checking information may be incorrect. [C:\Users\Dustin.Mock\code\ece383-eadaa713c3e5065b652eb90ba7d57234c0d53428\ece383-eadaa713c3e5065b652eb90ba7d57234c0d53428\Lab2\Lab2.srcs\sources_1\imports\lab2_code_for_cadets\lab2_datapath.vhdl:]
[Fri Aug 15 15:58:18 2025] Launched synth_1...
Run output will be captured here: C:/Users/Dustin.Mock/code/ece383-eadaa713c3e5065b652eb90ba7d57234c0d53428/ece383-eadaa713c3e5065b652eb90ba7d57234c0d53428/Lab2/Lab2.runs/synth_1/runme.log
[Fri Aug 15 15:58:18 2025] Launched impl_1...
Run output will be captured here: C:/Users/Dustin.Mock/code/ece383-eadaa713c3e5065b652eb90ba7d57234c0d53428/ece383-eadaa713c3e5065b652eb90ba7d57234c0d53428/Lab2/Lab2.runs/impl_1/runme.log
ERROR: [Common 17-180] Spawn failed: No such file or directory
WARNING: [filemgmt 56-199] Attempt to get parsing info during refresh. "On-the-fly" syntax checking information may be incorrect. [C:\Users\Dustin.Mock\code\ece383-eadaa713c3e5065b652eb90ba7d57234c0d53428\ece383-eadaa713c3e5065b652eb90ba7d57234c0d53428\Lab2\Lab2.srcs\sources_1\imports\new\scopeFace.vhd:]
WARNING: [filemgmt 56-199] Attempt to get parsing info during refresh. "On-the-fly" syntax checking information may be incorrect. [C:\Users\Dustin.Mock\code\ece383-eadaa713c3e5065b652eb90ba7d57234c0d53428\ece383-eadaa713c3e5065b652eb90ba7d57234c0d53428\Lab2\Lab2.srcs\sources_1\imports\lab2_code_for_cadets\lab2_datapath.vhdl:]
WARNING: [filemgmt 56-199] Attempt to get parsing info during refresh. "On-the-fly" syntax checking information may be incorrect. [C:\Users\Dustin.Mock\code\ece383-eadaa713c3e5065b652eb90ba7d57234c0d53428\ece383-eadaa713c3e5065b652eb90ba7d57234c0d53428\Lab2\Lab2.srcs\sources_1\imports\ece383-lab1.srcs\sources_1\imports\lab1_cadet_code\scopeface.vhd:]
WARNING: [filemgmt 56-199] Attempt to get parsing info during refresh. "On-the-fly" syntax checking information may be incorrect. [C:\Users\Dustin.Mock\code\ece383-eadaa713c3e5065b652eb90ba7d57234c0d53428\ece383-eadaa713c3e5065b652eb90ba7d57234c0d53428\Lab2\Lab2.srcs\sources_1\imports\lab2_code_for_cadets\lab2_datapath.vhdl:]
WARNING: [filemgmt 56-199] Attempt to get parsing info during refresh. "On-the-fly" syntax checking information may be incorrect. [C:\Users\Dustin.Mock\code\ece383-eadaa713c3e5065b652eb90ba7d57234c0d53428\ece383-eadaa713c3e5065b652eb90ba7d57234c0d53428\Lab2\Lab2.srcs\sources_1\imports\lab2_code_for_cadets\lab2_datapath.vhdl:]
reset_run synth_1
ERROR: [Common 17-180] Spawn failed: No such file or directory
ERROR: [Common 17-39] 'reset_runs' failed due to earlier errors.
launch_runs impl_1 -to_step write_bitstream -jobs 4
[Fri Aug 15 16:02:05 2025] Launched synth_1...
Run output will be captured here: C:/Users/Dustin.Mock/code/ece383-eadaa713c3e5065b652eb90ba7d57234c0d53428/ece383-eadaa713c3e5065b652eb90ba7d57234c0d53428/Lab2/Lab2.runs/synth_1/runme.log
[Fri Aug 15 16:02:05 2025] Launched impl_1...
Run output will be captured here: C:/Users/Dustin.Mock/code/ece383-eadaa713c3e5065b652eb90ba7d57234c0d53428/ece383-eadaa713c3e5065b652eb90ba7d57234c0d53428/Lab2/Lab2.runs/impl_1/runme.log
set_property PROBES.FILE {} [get_hw_devices xc7a200t_0]
set_property FULL_PROBES.FILE {} [get_hw_devices xc7a200t_0]
set_property PROGRAM.FILE {C:/Users/Dustin.Mock/code/ece383-eadaa713c3e5065b652eb90ba7d57234c0d53428/ece383-eadaa713c3e5065b652eb90ba7d57234c0d53428/Lab2/Lab2.runs/impl_1/lab2.bit} [get_hw_devices xc7a200t_0]
program_hw_devices [get_hw_devices xc7a200t_0]
INFO: [Labtools 27-3164] End of startup status: HIGH
program_hw_devices: Time (s): cpu = 00:00:05 ; elapsed = 00:00:06 . Memory (MB): peak = 1264.785 ; gain = 0.000
refresh_hw_device [lindex [get_hw_devices xc7a200t_0] 0]
INFO: [Labtools 27-1434] Device xc7a200t (JTAG device index = 0) is programmed with a design that has no supported debug core(s) in it.
exit
INFO: [Common 17-206] Exiting Vivado at Fri Aug 15 16:18:07 2025...
