Copyright 1986-2022 Xilinx, Inc. All Rights Reserved. Copyright 2022-2024 Advanced Micro Devices, Inc. All Rights Reserved.
---------------------------------------------------------------------------------------------------------------------------------------------
| Tool Version : Vivado v.2024.2 (win64) Build 5239630 Fri Nov 08 22:35:27 MST 2024
| Date         : Fri Aug 15 16:04:33 2025
| Host         : C26-5CG2151GFM running 64-bit major release  (build 9200)
| Command      : report_control_sets -verbose -file lab2_control_sets_placed.rpt
| Design       : lab2
| Device       : xc7a200t
---------------------------------------------------------------------------------------------------------------------------------------------

Control Set Information

Table of Contents
-----------------
1. Summary
2. Histogram
3. Flip-Flop Distribution
4. Detailed Control Set Information

1. Summary
----------

+----------------------------------------------------------+-------+
|                          Status                          | Count |
+----------------------------------------------------------+-------+
| Total control sets                                       |    33 |
|    Minimum number of control sets                        |    33 |
|    Addition due to synthesis replication                 |     0 |
|    Addition due to physical synthesis replication        |     0 |
| Unused register locations in slices containing registers |   137 |
+----------------------------------------------------------+-------+
* Control sets can be merged at opt_design using control_set_merge or merge_equivalent_drivers
** Run report_qor_suggestions for automated merging and remapping suggestions


2. Histogram
------------

+--------------------+-------+
|       Fanout       | Count |
+--------------------+-------+
| Total control sets |    33 |
| >= 0 to < 4        |     1 |
| >= 4 to < 6        |     6 |
| >= 6 to < 8        |     5 |
| >= 8 to < 10       |     2 |
| >= 10 to < 12      |     6 |
| >= 12 to < 14      |     1 |
| >= 14 to < 16      |     0 |
| >= 16              |    12 |
+--------------------+-------+
* Control sets can be remapped at either synth_design or opt_design


3. Flip-Flop Distribution
-------------------------

+--------------+-----------------------+------------------------+-----------------+--------------+
| Clock Enable | Synchronous Set/Reset | Asynchronous Set/Reset | Total Registers | Total Slices |
+--------------+-----------------------+------------------------+-----------------+--------------+
| No           | No                    | No                     |             102 |           32 |
| No           | No                    | Yes                    |              21 |            7 |
| No           | Yes                   | No                     |              62 |           29 |
| Yes          | No                    | No                     |             102 |           32 |
| Yes          | No                    | Yes                    |              20 |            8 |
| Yes          | Yes                   | No                     |             148 |           44 |
+--------------+-----------------------+------------------------+-----------------+--------------+


4. Detailed Control Set Information
-----------------------------------

+-----------------------------------------------------------------+--------------------------------------------------------------------------------+--------------------------------------------------------------------+------------------+----------------+--------------+
|                           Clock Signal                          |                                  Enable Signal                                 |                          Set/Reset Signal                          | Slice Load Count | Bel Load Count | Bels / Slice |
+-----------------------------------------------------------------+--------------------------------------------------------------------------------+--------------------------------------------------------------------+------------------+----------------+--------------+
| ~datapath/video_inst/mmcm_adv_inst_display_clocks/inst/clk_out1 |                                                                                |                                                                    |                1 |              1 |         1.00 |
|  clk_IBUF_BUFG                                                  | datapath/Audio_Codec/ready_sig_reg_1                                           | datapath/Audio_Codec/ready_sig_reg_0                               |                1 |              4 |         4.00 |
|  datapath/Audio_Codec/audiocodec_master_clock/inst/clk_out2     | datapath/Audio_Codec/initialize_audio/twi_controller/state_reg[0][0]           | datapath/Audio_Codec/audio_inout/SR[0]                             |                2 |              4 |         2.00 |
|  clk_IBUF_BUFG                                                  | control/FSM_onehot_state[3]_i_1_n_0                                            | datapath/Audio_Codec/audio_inout/SR[0]                             |                2 |              4 |         2.00 |
|  datapath/Audio_Codec/audiocodec_master_clock/inst/clk_out2     | datapath/Audio_Codec/initialize_audio/twi_controller/FSM_gray_state[3]_i_1_n_0 |                                                                    |                2 |              4 |         2.00 |
|  clk_IBUF_BUFG                                                  | datapath/Audio_Codec/audio_inout/BCLK_Fall_int                                 | datapath/Audio_Codec/audio_inout/SR[0]                             |                2 |              5 |         2.50 |
|  clk_IBUF_BUFG                                                  |                                                                                | datapath/Audio_Codec/audio_inout/Cnt_Bclk[4]_i_1_n_0               |                1 |              5 |         5.00 |
|  datapath/video_inst/mmcm_adv_inst_display_clocks/inst/clk_out2 |                                                                                | datapath/video_inst/dvid_inst/shift_red[9]_i_1_n_0                 |                5 |              6 |         1.20 |
|  datapath/Audio_Codec/audiocodec_master_clock/inst/clk_out2     |                                                                                | datapath/Audio_Codec/initialize_audio/twi_controller/busFreeCnt0_1 |                3 |              7 |         2.33 |
|  datapath/Audio_Codec/audiocodec_master_clock/inst/clk_out2     | datapath/Audio_Codec/initialize_audio/twi_controller/sclCnt[6]_i_2_n_0         | datapath/Audio_Codec/initialize_audio/twi_controller/sclCnt0_0     |                2 |              7 |         3.50 |
|  datapath/Audio_Codec/audiocodec_master_clock/inst/clk_out2     | datapath/Audio_Codec/initialize_audio/twi_controller/E[0]                      | datapath/Audio_Codec/audio_inout/SR[0]                             |                2 |              7 |         3.50 |
|  clk_IBUF_BUFG                                                  |                                                                                |                                                                    |                3 |              7 |         2.33 |
|  datapath/Audio_Codec/audiocodec_master_clock/inst/clk_out2     | datapath/Audio_Codec/initialize_audio/twi_controller/dataByte[7]_i_1_n_0       |                                                                    |                2 |              8 |         4.00 |
|  clk_IBUF_BUFG                                                  | datapath/Audio_Codec/E[0]                                                      |                                                                    |                3 |              9 |         3.00 |
|  datapath/Audio_Codec/audiocodec_master_clock/inst/clk_out2     | reset_n_IBUF                                                                   |                                                                    |                6 |             10 |         1.67 |
|  clk_IBUF_BUFG                                                  | datapath/triggerTime                                                           | datapath/Audio_Codec/audio_inout/SR[0]                             |                4 |             10 |         2.50 |
|  clk_IBUF_BUFG                                                  | datapath/triggerVolt                                                           | datapath/Audio_Codec/audio_inout/SR[0]                             |                4 |             10 |         2.50 |
|  clk_IBUF_BUFG                                                  | control/E[0]                                                                   | datapath/Audio_Codec/audio_inout/SR[0]                             |                5 |             10 |         2.00 |
|  datapath/video_inst/mmcm_adv_inst_display_clocks/inst/clk_out1 | datapath/video_inst/vga_inst/row_counter/w_processQ0                           | datapath/video_inst/vga_inst/row_counter/w_processQ[9]_i_1__0_n_0  |                4 |             10 |         2.50 |
|  datapath/video_inst/mmcm_adv_inst_display_clocks/inst/clk_out1 | datapath/video_inst/vga_inst/column_counter/w_processQ0                        | datapath/video_inst/vga_inst/column_counter/w_processQ[9]_i_1_n_0  |                4 |             10 |         2.50 |
|  datapath/video_inst/mmcm_adv_inst_display_clocks/inst/clk_out1 |                                                                                | datapath/video_inst/vga_inst/column_counter/SR[0]                  |               11 |             12 |         1.09 |
|  datapath/Audio_Codec/audiocodec_master_clock/inst/clk_out2     | datapath/Audio_Codec/initialize_audio/initWord[30]_i_1_n_0                     |                                                                    |                7 |             18 |         2.57 |
|  clk_IBUF_BUFG                                                  | datapath/Audio_Codec/audio_inout/D_L_O_int_0                                   | datapath/Audio_Codec/audio_inout/SR[0]                             |                4 |             18 |         4.50 |
|  clk_IBUF_BUFG                                                  | datapath/Audio_Codec/audio_inout/D_R_O_int[23]_i_1_n_0                         | datapath/Audio_Codec/audio_inout/SR[0]                             |                5 |             18 |         3.60 |
|  datapath/Audio_Codec/audiocodec_master_clock/inst/clk_out2     |                                                                                |                                                                    |               10 |             18 |         1.80 |
|  clk_IBUF_BUFG                                                  | datapath/Audio_Codec/audio_inout/Data_Out_int[31]_i_1_n_0                      |                                                                    |                6 |             19 |         3.17 |
|  clk_IBUF_BUFG                                                  | datapath/Audio_Codec/ready_sig_reg_1                                           | datapath/Audio_Codec/audio_inout/SR[0]                             |                5 |             19 |         3.80 |
|  clk_IBUF_BUFG                                                  |                                                                                | datapath/Audio_Codec/audio_inout/SR[0]                             |                7 |             21 |         3.00 |
|  datapath/Audio_Codec/audiocodec_master_clock/inst/clk_out2     |                                                                                | datapath/Audio_Codec/initialize_audio/delaycnt0                    |                9 |             32 |         3.56 |
|  clk_IBUF_BUFG                                                  | datapath/Audio_Codec/audio_inout/p_17_in                                       | datapath/Audio_Codec/audio_inout/Data_In_int[31]_i_1_n_0           |                6 |             32 |         5.33 |
|  datapath/video_inst/mmcm_adv_inst_display_clocks/inst/clk_out2 |                                                                                |                                                                    |                6 |             34 |         5.67 |
|  clk_IBUF_BUFG                                                  | datapath/Audio_Codec/ready_sig_reg_1                                           |                                                                    |                6 |             34 |         5.67 |
|  datapath/video_inst/mmcm_adv_inst_display_clocks/inst/clk_out1 |                                                                                |                                                                    |               12 |             42 |         3.50 |
+-----------------------------------------------------------------+--------------------------------------------------------------------------------+--------------------------------------------------------------------+------------------+----------------+--------------+


